2023-07-26 10:07:32,867 INFO [restartedMain] c.e.t.TreeholeApplication [StartupInfoLogger.java:55] Starting TreeholeApplication using Java 11.0.8 on MagicBook14 with PID 7744 (D:\BOOK\Java\Treehole\target\classes started by Summe in D:\BOOK\Java\Treehole)
2023-07-26 10:07:32,872 INFO [restartedMain] c.e.t.TreeholeApplication [SpringApplication.java:631] No active profile set, falling back to 1 default profile: "default"
2023-07-26 10:07:32,905 INFO [restartedMain] o.s.b.d.e.DevToolsPropertyDefaultsPostProcessor [DeferredLog.java:255] Devtools property defaults active! Set 'spring.devtools.add-properties' to 'false' to disable
2023-07-26 10:07:32,906 INFO [restartedMain] o.s.b.d.e.DevToolsPropertyDefaultsPostProcessor [DeferredLog.java:255] For additional web related logging consider setting the 'logging.level.web' property to 'DEBUG'
2023-07-26 10:07:33,715 INFO [restartedMain] o.s.b.w.e.t.TomcatWebServer [TomcatWebServer.java:108] Tomcat initialized with port(s): 8080 (http)
2023-07-26 10:07:33,722 INFO [restartedMain] o.a.c.h.Http11NioProtocol [DirectJDKLog.java:173] Initializing ProtocolHandler ["http-nio-8080"]
2023-07-26 10:07:33,723 INFO [restartedMain] o.a.c.c.StandardService [DirectJDKLog.java:173] Starting service [Tomcat]
2023-07-26 10:07:33,723 INFO [restartedMain] o.a.c.c.StandardEngine [DirectJDKLog.java:173] Starting Servlet engine: [Apache Tomcat/9.0.74]
2023-07-26 10:07:33,782 INFO [restartedMain] o.a.c.c.C.[.[.[/treehole] [DirectJDKLog.java:173] Initializing Spring embedded WebApplicationContext
2023-07-26 10:07:33,782 INFO [restartedMain] o.s.b.w.s.c.ServletWebServerApplicationContext [ServletWebServerApplicationContext.java:292] Root WebApplicationContext: initialization completed in 876 ms
2023-07-26 10:07:34,182 INFO [restartedMain] o.s.b.a.w.s.WelcomePageHandlerMapping [WelcomePageHandlerMapping.java:57] Adding welcome page template: index
2023-07-26 10:07:34,299 INFO [restartedMain] o.s.b.d.a.OptionalLiveReloadServer [OptionalLiveReloadServer.java:59] LiveReload server is running on port 35729
2023-07-26 10:07:34,313 INFO [restartedMain] o.a.c.h.Http11NioProtocol [DirectJDKLog.java:173] Starting ProtocolHandler ["http-nio-8080"]
2023-07-26 10:07:34,324 INFO [restartedMain] o.s.b.w.e.t.TomcatWebServer [TomcatWebServer.java:220] Tomcat started on port(s): 8080 (http) with context path '/treehole'
2023-07-26 10:07:34,336 INFO [restartedMain] c.e.t.TreeholeApplication [StartupInfoLogger.java:61] Started TreeholeApplication in 1.812 seconds (JVM running for 2.571)
2023-07-26 10:07:43,833 INFO [http-nio-8080-exec-1] o.a.c.c.C.[.[.[/treehole] [DirectJDKLog.java:173] Initializing Spring DispatcherServlet 'dispatcherServlet'
2023-07-26 10:07:43,833 INFO [http-nio-8080-exec-1] o.s.w.s.DispatcherServlet [FrameworkServlet.java:525] Initializing Servlet 'dispatcherServlet'
2023-07-26 10:07:43,835 INFO [http-nio-8080-exec-1] o.s.w.s.DispatcherServlet [FrameworkServlet.java:547] Completed initialization in 1 ms
2023-07-26 10:07:43,882 INFO [http-nio-8080-exec-1] c.z.h.HikariDataSource [HikariDataSource.java:110] HikariPool-1 - Starting...
2023-07-26 10:07:43,971 INFO [http-nio-8080-exec-1] c.z.h.HikariDataSource [HikariDataSource.java:123] HikariPool-1 - Start completed.
2023-07-26 10:09:44,096 INFO [SpringApplicationShutdownHook] c.z.h.HikariDataSource [HikariDataSource.java:350] HikariPool-1 - Shutdown initiated...
2023-07-26 10:09:44,100 INFO [SpringApplicationShutdownHook] c.z.h.HikariDataSource [HikariDataSource.java:352] HikariPool-1 - Shutdown completed.
2023-07-26 10:09:47,491 INFO [restartedMain] c.e.t.TreeholeApplication [StartupInfoLogger.java:55] Starting TreeholeApplication using Java 11.0.8 on MagicBook14 with PID 20004 (D:\BOOK\Java\Treehole\target\classes started by Summe in D:\BOOK\Java\Treehole)
2023-07-26 10:09:47,494 INFO [restartedMain] c.e.t.TreeholeApplication [SpringApplication.java:631] No active profile set, falling back to 1 default profile: "default"
2023-07-26 10:09:47,529 INFO [restartedMain] o.s.b.d.e.DevToolsPropertyDefaultsPostProcessor [DeferredLog.java:255] Devtools property defaults active! Set 'spring.devtools.add-properties' to 'false' to disable
2023-07-26 10:09:47,529 INFO [restartedMain] o.s.b.d.e.DevToolsPropertyDefaultsPostProcessor [DeferredLog.java:255] For additional web related logging consider setting the 'logging.level.web' property to 'DEBUG'
2023-07-26 10:09:48,247 INFO [restartedMain] o.s.b.w.e.t.TomcatWebServer [TomcatWebServer.java:108] Tomcat initialized with port(s): 8080 (http)
2023-07-26 10:09:48,253 INFO [restartedMain] o.a.c.h.Http11NioProtocol [DirectJDKLog.java:173] Initializing ProtocolHandler ["http-nio-8080"]
2023-07-26 10:09:48,253 INFO [restartedMain] o.a.c.c.StandardService [DirectJDKLog.java:173] Starting service [Tomcat]
2023-07-26 10:09:48,253 INFO [restartedMain] o.a.c.c.StandardEngine [DirectJDKLog.java:173] Starting Servlet engine: [Apache Tomcat/9.0.74]
2023-07-26 10:09:48,303 INFO [restartedMain] o.a.c.c.C.[.[.[/treehole] [DirectJDKLog.java:173] Initializing Spring embedded WebApplicationContext
2023-07-26 10:09:48,303 INFO [restartedMain] o.s.b.w.s.c.ServletWebServerApplicationContext [ServletWebServerApplicationContext.java:292] Root WebApplicationContext: initialization completed in 773 ms
2023-07-26 10:09:48,650 INFO [restartedMain] o.s.b.a.w.s.WelcomePageHandlerMapping [WelcomePageHandlerMapping.java:57] Adding welcome page template: index
2023-07-26 10:09:48,746 INFO [restartedMain] o.s.b.d.a.OptionalLiveReloadServer [OptionalLiveReloadServer.java:59] LiveReload server is running on port 35729
2023-07-26 10:09:48,760 INFO [restartedMain] o.a.c.h.Http11NioProtocol [DirectJDKLog.java:173] Starting ProtocolHandler ["http-nio-8080"]
2023-07-26 10:09:48,776 INFO [restartedMain] o.s.b.w.e.t.TomcatWebServer [TomcatWebServer.java:220] Tomcat started on port(s): 8080 (http) with context path '/treehole'
2023-07-26 10:09:48,784 INFO [restartedMain] c.e.t.TreeholeApplication [StartupInfoLogger.java:61] Started TreeholeApplication in 1.605 seconds (JVM running for 2.231)
2023-07-26 10:09:53,788 INFO [http-nio-8080-exec-1] o.a.c.c.C.[.[.[/treehole] [DirectJDKLog.java:173] Initializing Spring DispatcherServlet 'dispatcherServlet'
2023-07-26 10:09:53,790 INFO [http-nio-8080-exec-1] o.s.w.s.DispatcherServlet [FrameworkServlet.java:525] Initializing Servlet 'dispatcherServlet'
2023-07-26 10:09:53,790 INFO [http-nio-8080-exec-1] o.s.w.s.DispatcherServlet [FrameworkServlet.java:547] Completed initialization in 0 ms
2023-07-26 10:09:53,833 INFO [http-nio-8080-exec-1] c.z.h.HikariDataSource [HikariDataSource.java:110] HikariPool-1 - Starting...
2023-07-26 10:09:53,907 INFO [http-nio-8080-exec-1] c.z.h.HikariDataSource [HikariDataSource.java:123] HikariPool-1 - Start completed.
2023-07-26 10:11:01,134 INFO [SpringApplicationShutdownHook] c.z.h.HikariDataSource [HikariDataSource.java:350] HikariPool-1 - Shutdown initiated...
2023-07-26 10:11:01,139 INFO [SpringApplicationShutdownHook] c.z.h.HikariDataSource [HikariDataSource.java:352] HikariPool-1 - Shutdown completed.
2023-07-26 10:11:04,732 INFO [restartedMain] c.e.t.TreeholeApplication [StartupInfoLogger.java:55] Starting TreeholeApplication using Java 11.0.8 on MagicBook14 with PID 4544 (D:\BOOK\Java\Treehole\target\classes started by Summe in D:\BOOK\Java\Treehole)
2023-07-26 10:11:04,733 INFO [restartedMain] c.e.t.TreeholeApplication [SpringApplication.java:631] No active profile set, falling back to 1 default profile: "default"
2023-07-26 10:11:04,755 INFO [restartedMain] o.s.b.d.e.DevToolsPropertyDefaultsPostProcessor [DeferredLog.java:255] Devtools property defaults active! Set 'spring.devtools.add-properties' to 'false' to disable
2023-07-26 10:11:04,757 INFO [restartedMain] o.s.b.d.e.DevToolsPropertyDefaultsPostProcessor [DeferredLog.java:255] For additional web related logging consider setting the 'logging.level.web' property to 'DEBUG'
2023-07-26 10:11:05,388 INFO [restartedMain] o.s.b.w.e.t.TomcatWebServer [TomcatWebServer.java:108] Tomcat initialized with port(s): 8080 (http)
2023-07-26 10:11:05,388 INFO [restartedMain] o.a.c.h.Http11NioProtocol [DirectJDKLog.java:173] Initializing ProtocolHandler ["http-nio-8080"]
2023-07-26 10:11:05,388 INFO [restartedMain] o.a.c.c.StandardService [DirectJDKLog.java:173] Starting service [Tomcat]
2023-07-26 10:11:05,388 INFO [restartedMain] o.a.c.c.StandardEngine [DirectJDKLog.java:173] Starting Servlet engine: [Apache Tomcat/9.0.74]
2023-07-26 10:11:05,449 INFO [restartedMain] o.a.c.c.C.[.[.[/treehole] [DirectJDKLog.java:173] Initializing Spring embedded WebApplicationContext
2023-07-26 10:11:05,450 INFO [restartedMain] o.s.b.w.s.c.ServletWebServerApplicationContext [ServletWebServerApplicationContext.java:292] Root WebApplicationContext: initialization completed in 693 ms
2023-07-26 10:11:05,775 INFO [restartedMain] o.s.b.a.w.s.WelcomePageHandlerMapping [WelcomePageHandlerMapping.java:57] Adding welcome page template: index
2023-07-26 10:11:05,860 INFO [restartedMain] o.s.b.d.a.OptionalLiveReloadServer [OptionalLiveReloadServer.java:59] LiveReload server is running on port 35729
2023-07-26 10:11:05,866 INFO [restartedMain] o.a.c.h.Http11NioProtocol [DirectJDKLog.java:173] Starting ProtocolHandler ["http-nio-8080"]
2023-07-26 10:11:05,884 INFO [restartedMain] o.s.b.w.e.t.TomcatWebServer [TomcatWebServer.java:220] Tomcat started on port(s): 8080 (http) with context path '/treehole'
2023-07-26 10:11:05,884 INFO [restartedMain] c.e.t.TreeholeApplication [StartupInfoLogger.java:61] Started TreeholeApplication in 1.448 seconds (JVM running for 2.031)
2023-07-26 10:11:06,821 INFO [http-nio-8080-exec-1] o.a.c.c.C.[.[.[/treehole] [DirectJDKLog.java:173] Initializing Spring DispatcherServlet 'dispatcherServlet'
2023-07-26 10:11:06,822 INFO [http-nio-8080-exec-1] o.s.w.s.DispatcherServlet [FrameworkServlet.java:525] Initializing Servlet 'dispatcherServlet'
2023-07-26 10:11:06,823 INFO [http-nio-8080-exec-1] o.s.w.s.DispatcherServlet [FrameworkServlet.java:547] Completed initialization in 1 ms
2023-07-26 10:11:06,842 INFO [http-nio-8080-exec-1] c.z.h.HikariDataSource [HikariDataSource.java:110] HikariPool-1 - Starting...
2023-07-26 10:11:06,907 INFO [http-nio-8080-exec-1] c.z.h.HikariDataSource [HikariDataSource.java:123] HikariPool-1 - Start completed.
2023-07-26 10:20:32,361 INFO [SpringApplicationShutdownHook] c.z.h.HikariDataSource [HikariDataSource.java:350] HikariPool-1 - Shutdown initiated...
2023-07-26 10:20:32,365 INFO [SpringApplicationShutdownHook] c.z.h.HikariDataSource [HikariDataSource.java:352] HikariPool-1 - Shutdown completed.
2023-07-26 10:20:34,404 INFO [restartedMain] c.e.t.TreeholeApplication [StartupInfoLogger.java:55] Starting TreeholeApplication using Java 11.0.8 on MagicBook14 with PID 4596 (D:\BOOK\Java\Treehole\target\classes started by Summe in D:\BOOK\Java\Treehole)
2023-07-26 10:20:34,406 INFO [restartedMain] c.e.t.TreeholeApplication [SpringApplication.java:631] No active profile set, falling back to 1 default profile: "default"
2023-07-26 10:20:34,436 INFO [restartedMain] o.s.b.d.e.DevToolsPropertyDefaultsPostProcessor [DeferredLog.java:255] Devtools property defaults active! Set 'spring.devtools.add-properties' to 'false' to disable
2023-07-26 10:20:34,436 INFO [restartedMain] o.s.b.d.e.DevToolsPropertyDefaultsPostProcessor [DeferredLog.java:255] For additional web related logging consider setting the 'logging.level.web' property to 'DEBUG'
2023-07-26 10:20:35,098 INFO [restartedMain] o.s.b.w.e.t.TomcatWebServer [TomcatWebServer.java:108] Tomcat initialized with port(s): 8080 (http)
2023-07-26 10:20:35,103 INFO [restartedMain] o.a.c.h.Http11NioProtocol [DirectJDKLog.java:173] Initializing ProtocolHandler ["http-nio-8080"]
2023-07-26 10:20:35,103 INFO [restartedMain] o.a.c.c.StandardService [DirectJDKLog.java:173] Starting service [Tomcat]
2023-07-26 10:20:35,103 INFO [restartedMain] o.a.c.c.StandardEngine [DirectJDKLog.java:173] Starting Servlet engine: [Apache Tomcat/9.0.74]
2023-07-26 10:20:35,158 INFO [restartedMain] o.a.c.c.C.[.[.[/treehole] [DirectJDKLog.java:173] Initializing Spring embedded WebApplicationContext
2023-07-26 10:20:35,158 INFO [restartedMain] o.s.b.w.s.c.ServletWebServerApplicationContext [ServletWebServerApplicationContext.java:292] Root WebApplicationContext: initialization completed in 721 ms
2023-07-26 10:20:35,475 INFO [restartedMain] o.s.b.a.w.s.WelcomePageHandlerMapping [WelcomePageHandlerMapping.java:57] Adding welcome page template: index
2023-07-26 10:20:35,570 INFO [restartedMain] o.s.b.d.a.OptionalLiveReloadServer [OptionalLiveReloadServer.java:59] LiveReload server is running on port 35729
2023-07-26 10:20:35,581 INFO [restartedMain] o.a.c.h.Http11NioProtocol [DirectJDKLog.java:173] Starting ProtocolHandler ["http-nio-8080"]
2023-07-26 10:20:35,595 INFO [restartedMain] o.s.b.w.e.t.TomcatWebServer [TomcatWebServer.java:220] Tomcat started on port(s): 8080 (http) with context path '/treehole'
2023-07-26 10:20:35,605 INFO [restartedMain] c.e.t.TreeholeApplication [StartupInfoLogger.java:61] Started TreeholeApplication in 1.479 seconds (JVM running for 2.09)
2023-07-26 10:20:41,797 INFO [http-nio-8080-exec-1] o.a.c.c.C.[.[.[/treehole] [DirectJDKLog.java:173] Initializing Spring DispatcherServlet 'dispatcherServlet'
2023-07-26 10:20:41,798 INFO [http-nio-8080-exec-1] o.s.w.s.DispatcherServlet [FrameworkServlet.java:525] Initializing Servlet 'dispatcherServlet'
2023-07-26 10:20:41,799 INFO [http-nio-8080-exec-1] o.s.w.s.DispatcherServlet [FrameworkServlet.java:547] Completed initialization in 1 ms
2023-07-26 10:20:41,820 INFO [http-nio-8080-exec-1] c.z.h.HikariDataSource [HikariDataSource.java:110] HikariPool-1 - Starting...
2023-07-26 10:20:41,896 INFO [http-nio-8080-exec-1] c.z.h.HikariDataSource [HikariDataSource.java:123] HikariPool-1 - Start completed.
2023-07-26 10:21:57,521 INFO [SpringApplicationShutdownHook] c.z.h.HikariDataSource [HikariDataSource.java:350] HikariPool-1 - Shutdown initiated...
2023-07-26 10:21:57,526 INFO [SpringApplicationShutdownHook] c.z.h.HikariDataSource [HikariDataSource.java:352] HikariPool-1 - Shutdown completed.
2023-07-26 10:21:59,612 INFO [restartedMain] c.e.t.TreeholeApplication [StartupInfoLogger.java:55] Starting TreeholeApplication using Java 11.0.8 on MagicBook14 with PID 14032 (D:\BOOK\Java\Treehole\target\classes started by Summe in D:\BOOK\Java\Treehole)
2023-07-26 10:21:59,614 INFO [restartedMain] c.e.t.TreeholeApplication [SpringApplication.java:631] No active profile set, falling back to 1 default profile: "default"
2023-07-26 10:21:59,641 INFO [restartedMain] o.s.b.d.e.DevToolsPropertyDefaultsPostProcessor [DeferredLog.java:255] Devtools property defaults active! Set 'spring.devtools.add-properties' to 'false' to disable
2023-07-26 10:21:59,641 INFO [restartedMain] o.s.b.d.e.DevToolsPropertyDefaultsPostProcessor [DeferredLog.java:255] For additional web related logging consider setting the 'logging.level.web' property to 'DEBUG'
2023-07-26 10:22:00,269 INFO [restartedMain] o.s.b.w.e.t.TomcatWebServer [TomcatWebServer.java:108] Tomcat initialized with port(s): 8080 (http)
2023-07-26 10:22:00,274 INFO [restartedMain] o.a.c.h.Http11NioProtocol [DirectJDKLog.java:173] Initializing ProtocolHandler ["http-nio-8080"]
2023-07-26 10:22:00,274 INFO [restartedMain] o.a.c.c.StandardService [DirectJDKLog.java:173] Starting service [Tomcat]
2023-07-26 10:22:00,274 INFO [restartedMain] o.a.c.c.StandardEngine [DirectJDKLog.java:173] Starting Servlet engine: [Apache Tomcat/9.0.74]
2023-07-26 10:22:00,324 INFO [restartedMain] o.a.c.c.C.[.[.[/treehole] [DirectJDKLog.java:173] Initializing Spring embedded WebApplicationContext
2023-07-26 10:22:00,324 INFO [restartedMain] o.s.b.w.s.c.ServletWebServerApplicationContext [ServletWebServerApplicationContext.java:292] Root WebApplicationContext: initialization completed in 682 ms
2023-07-26 10:22:00,629 INFO [restartedMain] o.s.b.a.w.s.WelcomePageHandlerMapping [WelcomePageHandlerMapping.java:57] Adding welcome page template: index
2023-07-26 10:22:00,729 INFO [restartedMain] o.s.b.d.a.OptionalLiveReloadServer [OptionalLiveReloadServer.java:59] LiveReload server is running on port 35729
2023-07-26 10:22:00,741 INFO [restartedMain] o.a.c.h.Http11NioProtocol [DirectJDKLog.java:173] Starting ProtocolHandler ["http-nio-8080"]
2023-07-26 10:22:00,756 INFO [restartedMain] o.s.b.w.e.t.TomcatWebServer [TomcatWebServer.java:220] Tomcat started on port(s): 8080 (http) with context path '/treehole'
2023-07-26 10:22:00,765 INFO [restartedMain] c.e.t.TreeholeApplication [StartupInfoLogger.java:61] Started TreeholeApplication in 1.443 seconds (JVM running for 2.058)
2023-07-26 10:22:12,082 INFO [http-nio-8080-exec-2] o.a.c.c.C.[.[.[/treehole] [DirectJDKLog.java:173] Initializing Spring DispatcherServlet 'dispatcherServlet'
2023-07-26 10:22:12,084 INFO [http-nio-8080-exec-2] o.s.w.s.DispatcherServlet [FrameworkServlet.java:525] Initializing Servlet 'dispatcherServlet'
2023-07-26 10:22:12,085 INFO [http-nio-8080-exec-2] o.s.w.s.DispatcherServlet [FrameworkServlet.java:547] Completed initialization in 1 ms
2023-07-26 10:22:13,840 INFO [http-nio-8080-exec-4] c.z.h.HikariDataSource [HikariDataSource.java:110] HikariPool-1 - Starting...
2023-07-26 10:22:13,916 INFO [http-nio-8080-exec-4] c.z.h.HikariDataSource [HikariDataSource.java:123] HikariPool-1 - Start completed.
2023-07-26 10:25:06,706 INFO [SpringApplicationShutdownHook] c.z.h.HikariDataSource [HikariDataSource.java:350] HikariPool-1 - Shutdown initiated...
2023-07-26 10:25:06,710 INFO [SpringApplicationShutdownHook] c.z.h.HikariDataSource [HikariDataSource.java:352] HikariPool-1 - Shutdown completed.
2023-07-26 10:25:08,658 INFO [restartedMain] c.e.t.TreeholeApplication [StartupInfoLogger.java:55] Starting TreeholeApplication using Java 11.0.8 on MagicBook14 with PID 12072 (D:\BOOK\Java\Treehole\target\classes started by Summe in D:\BOOK\Java\Treehole)
2023-07-26 10:25:08,660 INFO [restartedMain] c.e.t.TreeholeApplication [SpringApplication.java:631] No active profile set, falling back to 1 default profile: "default"
2023-07-26 10:25:08,688 INFO [restartedMain] o.s.b.d.e.DevToolsPropertyDefaultsPostProcessor [DeferredLog.java:255] Devtools property defaults active! Set 'spring.devtools.add-properties' to 'false' to disable
2023-07-26 10:25:08,689 INFO [restartedMain] o.s.b.d.e.DevToolsPropertyDefaultsPostProcessor [DeferredLog.java:255] For additional web related logging consider setting the 'logging.level.web' property to 'DEBUG'
2023-07-26 10:25:09,330 INFO [restartedMain] o.s.b.w.e.t.TomcatWebServer [TomcatWebServer.java:108] Tomcat initialized with port(s): 8080 (http)
2023-07-26 10:25:09,336 INFO [restartedMain] o.a.c.h.Http11NioProtocol [DirectJDKLog.java:173] Initializing ProtocolHandler ["http-nio-8080"]
2023-07-26 10:25:09,336 INFO [restartedMain] o.a.c.c.StandardService [DirectJDKLog.java:173] Starting service [Tomcat]
2023-07-26 10:25:09,336 INFO [restartedMain] o.a.c.c.StandardEngine [DirectJDKLog.java:173] Starting Servlet engine: [Apache Tomcat/9.0.74]
2023-07-26 10:25:09,385 INFO [restartedMain] o.a.c.c.C.[.[.[/treehole] [DirectJDKLog.java:173] Initializing Spring embedded WebApplicationContext
2023-07-26 10:25:09,385 INFO [restartedMain] o.s.b.w.s.c.ServletWebServerApplicationContext [ServletWebServerApplicationContext.java:292] Root WebApplicationContext: initialization completed in 696 ms
2023-07-26 10:25:09,728 INFO [restartedMain] o.s.b.a.w.s.WelcomePageHandlerMapping [WelcomePageHandlerMapping.java:57] Adding welcome page template: index
2023-07-26 10:25:09,816 INFO [restartedMain] o.s.b.d.a.OptionalLiveReloadServer [OptionalLiveReloadServer.java:59] LiveReload server is running on port 35729
2023-07-26 10:25:09,829 INFO [restartedMain] o.a.c.h.Http11NioProtocol [DirectJDKLog.java:173] Starting ProtocolHandler ["http-nio-8080"]
2023-07-26 10:25:09,843 INFO [restartedMain] o.s.b.w.e.t.TomcatWebServer [TomcatWebServer.java:220] Tomcat started on port(s): 8080 (http) with context path '/treehole'
2023-07-26 10:25:09,851 INFO [restartedMain] c.e.t.TreeholeApplication [StartupInfoLogger.java:61] Started TreeholeApplication in 1.475 seconds (JVM running for 2.089)
2023-07-26 10:25:09,872 INFO [http-nio-8080-exec-1] o.a.c.c.C.[.[.[/treehole] [DirectJDKLog.java:173] Initializing Spring DispatcherServlet 'dispatcherServlet'
2023-07-26 10:25:09,872 INFO [http-nio-8080-exec-1] o.s.w.s.DispatcherServlet [FrameworkServlet.java:525] Initializing Servlet 'dispatcherServlet'
2023-07-26 10:25:09,873 INFO [http-nio-8080-exec-1] o.s.w.s.DispatcherServlet [FrameworkServlet.java:547] Completed initialization in 1 ms
2023-07-26 10:25:09,891 INFO [http-nio-8080-exec-1] c.z.h.HikariDataSource [HikariDataSource.java:110] HikariPool-1 - Starting...
2023-07-26 10:25:09,952 INFO [http-nio-8080-exec-1] c.z.h.HikariDataSource [HikariDataSource.java:123] HikariPool-1 - Start completed.
2023-07-26 10:34:24,115 INFO [SpringApplicationShutdownHook] c.z.h.HikariDataSource [HikariDataSource.java:350] HikariPool-1 - Shutdown initiated...
2023-07-26 10:34:24,120 INFO [SpringApplicationShutdownHook] c.z.h.HikariDataSource [HikariDataSource.java:352] HikariPool-1 - Shutdown completed.
2023-07-26 10:34:26,412 INFO [restartedMain] c.e.t.TreeholeApplication [StartupInfoLogger.java:55] Starting TreeholeApplication using Java 11.0.8 on MagicBook14 with PID 9748 (D:\BOOK\Java\Treehole\target\classes started by Summe in D:\BOOK\Java\Treehole)
2023-07-26 10:34:26,413 INFO [restartedMain] c.e.t.TreeholeApplication [SpringApplication.java:631] No active profile set, falling back to 1 default profile: "default"
2023-07-26 10:34:26,443 INFO [restartedMain] o.s.b.d.e.DevToolsPropertyDefaultsPostProcessor [DeferredLog.java:255] Devtools property defaults active! Set 'spring.devtools.add-properties' to 'false' to disable
2023-07-26 10:34:26,443 INFO [restartedMain] o.s.b.d.e.DevToolsPropertyDefaultsPostProcessor [DeferredLog.java:255] For additional web related logging consider setting the 'logging.level.web' property to 'DEBUG'
2023-07-26 10:34:27,083 INFO [restartedMain] o.s.b.w.e.t.TomcatWebServer [TomcatWebServer.java:108] Tomcat initialized with port(s): 8080 (http)
2023-07-26 10:34:27,088 INFO [restartedMain] o.a.c.h.Http11NioProtocol [DirectJDKLog.java:173] Initializing ProtocolHandler ["http-nio-8080"]
2023-07-26 10:34:27,088 INFO [restartedMain] o.a.c.c.StandardService [DirectJDKLog.java:173] Starting service [Tomcat]
2023-07-26 10:34:27,088 INFO [restartedMain] o.a.c.c.StandardEngine [DirectJDKLog.java:173] Starting Servlet engine: [Apache Tomcat/9.0.74]
2023-07-26 10:34:27,136 INFO [restartedMain] o.a.c.c.C.[.[.[/treehole] [DirectJDKLog.java:173] Initializing Spring embedded WebApplicationContext
2023-07-26 10:34:27,136 INFO [restartedMain] o.s.b.w.s.c.ServletWebServerApplicationContext [ServletWebServerApplicationContext.java:292] Root WebApplicationContext: initialization completed in 693 ms
2023-07-26 10:34:27,444 INFO [restartedMain] o.s.b.a.w.s.WelcomePageHandlerMapping [WelcomePageHandlerMapping.java:57] Adding welcome page template: index
2023-07-26 10:34:27,530 INFO [restartedMain] o.s.b.d.a.OptionalLiveReloadServer [OptionalLiveReloadServer.java:59] LiveReload server is running on port 35729
2023-07-26 10:34:27,541 INFO [restartedMain] o.a.c.h.Http11NioProtocol [DirectJDKLog.java:173] Starting ProtocolHandler ["http-nio-8080"]
2023-07-26 10:34:27,554 INFO [restartedMain] o.s.b.w.e.t.TomcatWebServer [TomcatWebServer.java:220] Tomcat started on port(s): 8080 (http) with context path '/treehole'
2023-07-26 10:34:27,564 INFO [restartedMain] c.e.t.TreeholeApplication [StartupInfoLogger.java:61] Started TreeholeApplication in 1.435 seconds (JVM running for 2.212)
2023-07-26 10:34:36,017 INFO [http-nio-8080-exec-1] o.a.c.c.C.[.[.[/treehole] [DirectJDKLog.java:173] Initializing Spring DispatcherServlet 'dispatcherServlet'
2023-07-26 10:34:36,019 INFO [http-nio-8080-exec-1] o.s.w.s.DispatcherServlet [FrameworkServlet.java:525] Initializing Servlet 'dispatcherServlet'
2023-07-26 10:34:36,019 INFO [http-nio-8080-exec-1] o.s.w.s.DispatcherServlet [FrameworkServlet.java:547] Completed initialization in 0 ms
2023-07-26 10:34:36,043 INFO [http-nio-8080-exec-1] c.z.h.HikariDataSource [HikariDataSource.java:110] HikariPool-1 - Starting...
2023-07-26 10:34:36,129 INFO [http-nio-8080-exec-1] c.z.h.HikariDataSource [HikariDataSource.java:123] HikariPool-1 - Start completed.
2023-07-26 10:50:34,815 INFO [SpringApplicationShutdownHook] c.z.h.HikariDataSource [HikariDataSource.java:350] HikariPool-1 - Shutdown initiated...
2023-07-26 10:50:34,825 INFO [SpringApplicationShutdownHook] c.z.h.HikariDataSource [HikariDataSource.java:352] HikariPool-1 - Shutdown completed.
2023-07-26 10:58:57,458 INFO [restartedMain] c.e.t.TreeholeApplication [StartupInfoLogger.java:55] Starting TreeholeApplication using Java 11.0.8 on MagicBook14 with PID 18616 (D:\BOOK\Java\Treehole\target\classes started by Summe in D:\BOOK\Java\Treehole)
2023-07-26 10:58:57,467 INFO [restartedMain] c.e.t.TreeholeApplication [SpringApplication.java:631] No active profile set, falling back to 1 default profile: "default"
2023-07-26 10:58:57,498 INFO [restartedMain] o.s.b.d.e.DevToolsPropertyDefaultsPostProcessor [DeferredLog.java:255] Devtools property defaults active! Set 'spring.devtools.add-properties' to 'false' to disable
2023-07-26 10:58:57,498 INFO [restartedMain] o.s.b.d.e.DevToolsPropertyDefaultsPostProcessor [DeferredLog.java:255] For additional web related logging consider setting the 'logging.level.web' property to 'DEBUG'
2023-07-26 10:58:58,185 INFO [restartedMain] o.s.b.w.e.t.TomcatWebServer [TomcatWebServer.java:108] Tomcat initialized with port(s): 8080 (http)
2023-07-26 10:58:58,187 INFO [restartedMain] o.a.c.h.Http11NioProtocol [DirectJDKLog.java:173] Initializing ProtocolHandler ["http-nio-8080"]
2023-07-26 10:58:58,187 INFO [restartedMain] o.a.c.c.StandardService [DirectJDKLog.java:173] Starting service [Tomcat]
2023-07-26 10:58:58,187 INFO [restartedMain] o.a.c.c.StandardEngine [DirectJDKLog.java:173] Starting Servlet engine: [Apache Tomcat/9.0.74]
2023-07-26 10:58:58,239 INFO [restartedMain] o.a.c.c.C.[.[.[/treehole] [DirectJDKLog.java:173] Initializing Spring embedded WebApplicationContext
2023-07-26 10:58:58,239 INFO [restartedMain] o.s.b.w.s.c.ServletWebServerApplicationContext [ServletWebServerApplicationContext.java:292] Root WebApplicationContext: initialization completed in 738 ms
2023-07-26 10:58:58,579 INFO [restartedMain] o.s.b.a.w.s.WelcomePageHandlerMapping [WelcomePageHandlerMapping.java:57] Adding welcome page template: index
2023-07-26 10:58:58,685 INFO [restartedMain] o.s.b.d.a.OptionalLiveReloadServer [OptionalLiveReloadServer.java:59] LiveReload server is running on port 35729
2023-07-26 10:58:58,697 INFO [restartedMain] o.a.c.h.Http11NioProtocol [DirectJDKLog.java:173] Starting ProtocolHandler ["http-nio-8080"]
2023-07-26 10:58:58,709 INFO [restartedMain] o.s.b.w.e.t.TomcatWebServer [TomcatWebServer.java:220] Tomcat started on port(s): 8080 (http) with context path '/treehole'
2023-07-26 10:58:58,718 INFO [restartedMain] c.e.t.TreeholeApplication [StartupInfoLogger.java:61] Started TreeholeApplication in 1.574 seconds (JVM running for 2.191)
2023-07-26 10:59:05,985 INFO [http-nio-8080-exec-1] o.a.c.c.C.[.[.[/treehole] [DirectJDKLog.java:173] Initializing Spring DispatcherServlet 'dispatcherServlet'
2023-07-26 10:59:05,985 INFO [http-nio-8080-exec-1] o.s.w.s.DispatcherServlet [FrameworkServlet.java:525] Initializing Servlet 'dispatcherServlet'
2023-07-26 10:59:05,986 INFO [http-nio-8080-exec-1] o.s.w.s.DispatcherServlet [FrameworkServlet.java:547] Completed initialization in 1 ms
2023-07-26 10:59:06,008 INFO [http-nio-8080-exec-1] c.z.h.HikariDataSource [HikariDataSource.java:110] HikariPool-1 - Starting...
2023-07-26 10:59:06,077 INFO [http-nio-8080-exec-1] c.z.h.HikariDataSource [HikariDataSource.java:123] HikariPool-1 - Start completed.
2023-07-26 11:00:50,140 INFO [SpringApplicationShutdownHook] c.z.h.HikariDataSource [HikariDataSource.java:350] HikariPool-1 - Shutdown initiated...
2023-07-26 11:00:50,144 INFO [SpringApplicationShutdownHook] c.z.h.HikariDataSource [HikariDataSource.java:352] HikariPool-1 - Shutdown completed.
2023-07-26 11:00:52,646 INFO [restartedMain] c.e.t.TreeholeApplication [StartupInfoLogger.java:55] Starting TreeholeApplication using Java 11.0.8 on MagicBook14 with PID 15892 (D:\BOOK\Java\Treehole\target\classes started by Summe in D:\BOOK\Java\Treehole)
2023-07-26 11:00:52,647 INFO [restartedMain] c.e.t.TreeholeApplication [SpringApplication.java:631] No active profile set, falling back to 1 default profile: "default"
2023-07-26 11:00:52,679 INFO [restartedMain] o.s.b.d.e.DevToolsPropertyDefaultsPostProcessor [DeferredLog.java:255] Devtools property defaults active! Set 'spring.devtools.add-properties' to 'false' to disable
2023-07-26 11:00:52,679 INFO [restartedMain] o.s.b.d.e.DevToolsPropertyDefaultsPostProcessor [DeferredLog.java:255] For additional web related logging consider setting the 'logging.level.web' property to 'DEBUG'
2023-07-26 11:00:53,305 INFO [restartedMain] o.s.b.w.e.t.TomcatWebServer [TomcatWebServer.java:108] Tomcat initialized with port(s): 8080 (http)
2023-07-26 11:00:53,311 INFO [restartedMain] o.a.c.h.Http11NioProtocol [DirectJDKLog.java:173] Initializing ProtocolHandler ["http-nio-8080"]
2023-07-26 11:00:53,311 INFO [restartedMain] o.a.c.c.StandardService [DirectJDKLog.java:173] Starting service [Tomcat]
2023-07-26 11:00:53,311 INFO [restartedMain] o.a.c.c.StandardEngine [DirectJDKLog.java:173] Starting Servlet engine: [Apache Tomcat/9.0.74]
2023-07-26 11:00:53,360 INFO [restartedMain] o.a.c.c.C.[.[.[/treehole] [DirectJDKLog.java:173] Initializing Spring embedded WebApplicationContext
2023-07-26 11:00:53,360 INFO [restartedMain] o.s.b.w.s.c.ServletWebServerApplicationContext [ServletWebServerApplicationContext.java:292] Root WebApplicationContext: initialization completed in 680 ms
2023-07-26 11:00:53,686 INFO [restartedMain] o.s.b.a.w.s.WelcomePageHandlerMapping [WelcomePageHandlerMapping.java:57] Adding welcome page template: index
2023-07-26 11:00:53,787 INFO [restartedMain] o.s.b.d.a.OptionalLiveReloadServer [OptionalLiveReloadServer.java:59] LiveReload server is running on port 35729
2023-07-26 11:00:53,801 INFO [restartedMain] o.a.c.h.Http11NioProtocol [DirectJDKLog.java:173] Starting ProtocolHandler ["http-nio-8080"]
2023-07-26 11:00:53,815 INFO [restartedMain] o.s.b.w.e.t.TomcatWebServer [TomcatWebServer.java:220] Tomcat started on port(s): 8080 (http) with context path '/treehole'
2023-07-26 11:00:53,824 INFO [restartedMain] c.e.t.TreeholeApplication [StartupInfoLogger.java:61] Started TreeholeApplication in 1.462 seconds (JVM running for 2.459)
2023-07-26 11:01:07,049 INFO [http-nio-8080-exec-1] o.a.c.c.C.[.[.[/treehole] [DirectJDKLog.java:173] Initializing Spring DispatcherServlet 'dispatcherServlet'
2023-07-26 11:01:07,050 INFO [http-nio-8080-exec-1] o.s.w.s.DispatcherServlet [FrameworkServlet.java:525] Initializing Servlet 'dispatcherServlet'
2023-07-26 11:01:07,051 INFO [http-nio-8080-exec-1] o.s.w.s.DispatcherServlet [FrameworkServlet.java:547] Completed initialization in 1 ms
2023-07-26 11:01:07,073 INFO [http-nio-8080-exec-1] c.z.h.HikariDataSource [HikariDataSource.java:110] HikariPool-1 - Starting...
2023-07-26 11:01:07,157 INFO [http-nio-8080-exec-1] c.z.h.HikariDataSource [HikariDataSource.java:123] HikariPool-1 - Start completed.
2023-07-26 11:04:03,060 INFO [SpringApplicationShutdownHook] c.z.h.HikariDataSource [HikariDataSource.java:350] HikariPool-1 - Shutdown initiated...
2023-07-26 11:04:03,065 INFO [SpringApplicationShutdownHook] c.z.h.HikariDataSource [HikariDataSource.java:352] HikariPool-1 - Shutdown completed.
2023-07-26 11:04:05,131 INFO [restartedMain] c.e.t.TreeholeApplication [StartupInfoLogger.java:55] Starting TreeholeApplication using Java 11.0.8 on MagicBook14 with PID 6364 (D:\BOOK\Java\Treehole\target\classes started by Summe in D:\BOOK\Java\Treehole)
2023-07-26 11:04:05,133 INFO [restartedMain] c.e.t.TreeholeApplication [SpringApplication.java:631] No active profile set, falling back to 1 default profile: "default"
2023-07-26 11:04:05,163 INFO [restartedMain] o.s.b.d.e.DevToolsPropertyDefaultsPostProcessor [DeferredLog.java:255] Devtools property defaults active! Set 'spring.devtools.add-properties' to 'false' to disable
2023-07-26 11:04:05,163 INFO [restartedMain] o.s.b.d.e.DevToolsPropertyDefaultsPostProcessor [DeferredLog.java:255] For additional web related logging consider setting the 'logging.level.web' property to 'DEBUG'
2023-07-26 11:04:05,788 INFO [restartedMain] o.s.b.w.e.t.TomcatWebServer [TomcatWebServer.java:108] Tomcat initialized with port(s): 8080 (http)
2023-07-26 11:04:05,794 INFO [restartedMain] o.a.c.h.Http11NioProtocol [DirectJDKLog.java:173] Initializing ProtocolHandler ["http-nio-8080"]
2023-07-26 11:04:05,794 INFO [restartedMain] o.a.c.c.StandardService [DirectJDKLog.java:173] Starting service [Tomcat]
2023-07-26 11:04:05,794 INFO [restartedMain] o.a.c.c.StandardEngine [DirectJDKLog.java:173] Starting Servlet engine: [Apache Tomcat/9.0.74]
2023-07-26 11:04:05,840 INFO [restartedMain] o.a.c.c.C.[.[.[/treehole] [DirectJDKLog.java:173] Initializing Spring embedded WebApplicationContext
2023-07-26 11:04:05,840 INFO [restartedMain] o.s.b.w.s.c.ServletWebServerApplicationContext [ServletWebServerApplicationContext.java:292] Root WebApplicationContext: initialization completed in 676 ms
2023-07-26 11:04:06,156 INFO [restartedMain] o.s.b.a.w.s.WelcomePageHandlerMapping [WelcomePageHandlerMapping.java:57] Adding welcome page template: index
2023-07-26 11:04:06,244 INFO [restartedMain] o.s.b.d.a.OptionalLiveReloadServer [OptionalLiveReloadServer.java:59] LiveReload server is running on port 35729
2023-07-26 11:04:06,254 INFO [restartedMain] o.a.c.h.Http11NioProtocol [DirectJDKLog.java:173] Starting ProtocolHandler ["http-nio-8080"]
2023-07-26 11:04:06,268 INFO [restartedMain] o.s.b.w.e.t.TomcatWebServer [TomcatWebServer.java:220] Tomcat started on port(s): 8080 (http) with context path '/treehole'
2023-07-26 11:04:06,277 INFO [restartedMain] c.e.t.TreeholeApplication [StartupInfoLogger.java:61] Started TreeholeApplication in 1.416 seconds (JVM running for 2.014)
2023-07-26 11:31:43,779 INFO [restartedMain] c.e.t.TreeholeApplication [StartupInfoLogger.java:55] Starting TreeholeApplication using Java 11.0.8 on MagicBook14 with PID 15744 (D:\BOOK\Java\Treehole\target\classes started by Summe in D:\BOOK\Java\Treehole)
2023-07-26 11:31:43,779 INFO [restartedMain] c.e.t.TreeholeApplication [SpringApplication.java:631] No active profile set, falling back to 1 default profile: "default"
2023-07-26 11:31:43,810 INFO [restartedMain] o.s.b.d.e.DevToolsPropertyDefaultsPostProcessor [DeferredLog.java:255] Devtools property defaults active! Set 'spring.devtools.add-properties' to 'false' to disable
2023-07-26 11:31:43,811 INFO [restartedMain] o.s.b.d.e.DevToolsPropertyDefaultsPostProcessor [DeferredLog.java:255] For additional web related logging consider setting the 'logging.level.web' property to 'DEBUG'
2023-07-26 11:31:44,514 INFO [restartedMain] o.s.b.w.e.t.TomcatWebServer [TomcatWebServer.java:108] Tomcat initialized with port(s): 8080 (http)
2023-07-26 11:31:44,529 INFO [restartedMain] o.a.c.h.Http11NioProtocol [DirectJDKLog.java:173] Initializing ProtocolHandler ["http-nio-8080"]
2023-07-26 11:31:44,529 INFO [restartedMain] o.a.c.c.StandardService [DirectJDKLog.java:173] Starting service [Tomcat]
2023-07-26 11:31:44,529 INFO [restartedMain] o.a.c.c.StandardEngine [DirectJDKLog.java:173] Starting Servlet engine: [Apache Tomcat/9.0.74]
2023-07-26 11:31:44,574 INFO [restartedMain] o.a.c.c.C.[.[.[/treehole] [DirectJDKLog.java:173] Initializing Spring embedded WebApplicationContext
2023-07-26 11:31:44,574 INFO [restartedMain] o.s.b.w.s.c.ServletWebServerApplicationContext [ServletWebServerApplicationContext.java:292] Root WebApplicationContext: initialization completed in 763 ms
2023-07-26 11:31:44,890 INFO [restartedMain] o.s.b.a.w.s.WelcomePageHandlerMapping [WelcomePageHandlerMapping.java:57] Adding welcome page template: index
2023-07-26 11:31:44,985 INFO [restartedMain] o.s.b.d.a.OptionalLiveReloadServer [OptionalLiveReloadServer.java:59] LiveReload server is running on port 35729
2023-07-26 11:31:45,001 INFO [restartedMain] o.a.c.h.Http11NioProtocol [DirectJDKLog.java:173] Starting ProtocolHandler ["http-nio-8080"]
2023-07-26 11:31:45,022 INFO [restartedMain] o.s.b.w.e.t.TomcatWebServer [TomcatWebServer.java:220] Tomcat started on port(s): 8080 (http) with context path '/treehole'
2023-07-26 11:31:45,030 INFO [restartedMain] c.e.t.TreeholeApplication [StartupInfoLogger.java:61] Started TreeholeApplication in 1.56 seconds (JVM running for 2.188)
2023-07-26 11:31:47,714 INFO [http-nio-8080-exec-1] o.a.c.c.C.[.[.[/treehole] [DirectJDKLog.java:173] Initializing Spring DispatcherServlet 'dispatcherServlet'
2023-07-26 11:31:47,715 INFO [http-nio-8080-exec-1] o.s.w.s.DispatcherServlet [FrameworkServlet.java:525] Initializing Servlet 'dispatcherServlet'
2023-07-26 11:31:47,715 INFO [http-nio-8080-exec-1] o.s.w.s.DispatcherServlet [FrameworkServlet.java:547] Completed initialization in 0 ms
2023-07-26 11:31:47,738 INFO [http-nio-8080-exec-1] c.z.h.HikariDataSource [HikariDataSource.java:110] HikariPool-1 - Starting...
2023-07-26 11:31:47,811 INFO [http-nio-8080-exec-1] c.z.h.HikariDataSource [HikariDataSource.java:123] HikariPool-1 - Start completed.
2023-07-26 11:33:50,828 INFO [SpringApplicationShutdownHook] c.z.h.HikariDataSource [HikariDataSource.java:350] HikariPool-1 - Shutdown initiated...
2023-07-26 11:33:50,833 INFO [SpringApplicationShutdownHook] c.z.h.HikariDataSource [HikariDataSource.java:352] HikariPool-1 - Shutdown completed.
2023-07-26 11:34:02,173 INFO [restartedMain] c.e.t.TreeholeApplication [StartupInfoLogger.java:55] Starting TreeholeApplication using Java 17.0.7 on MagicBook14 with PID 14972 (D:\BOOK\Java\Treehole\target\classes started by Summe in D:\BOOK\Java\Treehole)
2023-07-26 11:34:02,175 INFO [restartedMain] c.e.t.TreeholeApplication [SpringApplication.java:631] No active profile set, falling back to 1 default profile: "default"
2023-07-26 11:34:02,204 INFO [restartedMain] o.s.b.d.e.DevToolsPropertyDefaultsPostProcessor [DeferredLog.java:255] Devtools property defaults active! Set 'spring.devtools.add-properties' to 'false' to disable
2023-07-26 11:34:02,204 INFO [restartedMain] o.s.b.d.e.DevToolsPropertyDefaultsPostProcessor [DeferredLog.java:255] For additional web related logging consider setting the 'logging.level.web' property to 'DEBUG'
2023-07-26 11:34:02,935 INFO [restartedMain] o.s.b.w.e.t.TomcatWebServer [TomcatWebServer.java:108] Tomcat initialized with port(s): 8080 (http)
2023-07-26 11:34:02,941 INFO [restartedMain] o.a.c.h.Http11NioProtocol [DirectJDKLog.java:173] Initializing ProtocolHandler ["http-nio-8080"]
2023-07-26 11:34:02,942 INFO [restartedMain] o.a.c.c.StandardService [DirectJDKLog.java:173] Starting service [Tomcat]
2023-07-26 11:34:02,942 INFO [restartedMain] o.a.c.c.StandardEngine [DirectJDKLog.java:173] Starting Servlet engine: [Apache Tomcat/9.0.74]
2023-07-26 11:34:02,997 INFO [restartedMain] o.a.c.c.C.[.[.[/treehole] [DirectJDKLog.java:173] Initializing Spring embedded WebApplicationContext
2023-07-26 11:34:02,997 INFO [restartedMain] o.s.b.w.s.c.ServletWebServerApplicationContext [ServletWebServerApplicationContext.java:292] Root WebApplicationContext: initialization completed in 792 ms
2023-07-26 11:34:03,349 INFO [restartedMain] o.s.b.a.w.s.WelcomePageHandlerMapping [WelcomePageHandlerMapping.java:57] Adding welcome page template: index
2023-07-26 11:34:03,462 INFO [restartedMain] o.s.b.d.a.OptionalLiveReloadServer [OptionalLiveReloadServer.java:59] LiveReload server is running on port 35729
2023-07-26 11:34:03,473 INFO [restartedMain] o.a.c.h.Http11NioProtocol [DirectJDKLog.java:173] Starting ProtocolHandler ["http-nio-8080"]
2023-07-26 11:34:03,488 INFO [restartedMain] o.s.b.w.e.t.TomcatWebServer [TomcatWebServer.java:220] Tomcat started on port(s): 8080 (http) with context path '/treehole'
2023-07-26 11:34:03,495 INFO [restartedMain] c.e.t.TreeholeApplication [StartupInfoLogger.java:61] Started TreeholeApplication in 1.608 seconds (JVM running for 2.148)
2023-07-26 11:34:07,004 INFO [http-nio-8080-exec-1] o.a.c.c.C.[.[.[/treehole] [DirectJDKLog.java:173] Initializing Spring DispatcherServlet 'dispatcherServlet'
2023-07-26 11:34:07,004 INFO [http-nio-8080-exec-1] o.s.w.s.DispatcherServlet [FrameworkServlet.java:525] Initializing Servlet 'dispatcherServlet'
2023-07-26 11:34:07,005 INFO [http-nio-8080-exec-1] o.s.w.s.DispatcherServlet [FrameworkServlet.java:547] Completed initialization in 1 ms
2023-07-26 11:34:07,030 INFO [http-nio-8080-exec-1] c.z.h.HikariDataSource [HikariDataSource.java:110] HikariPool-1 - Starting...
2023-07-26 11:34:07,128 INFO [http-nio-8080-exec-1] c.z.h.HikariDataSource [HikariDataSource.java:123] HikariPool-1 - Start completed.
2023-07-26 11:34:17,644 INFO [SpringApplicationShutdownHook] c.z.h.HikariDataSource [HikariDataSource.java:350] HikariPool-1 - Shutdown initiated...
2023-07-26 11:34:17,648 INFO [SpringApplicationShutdownHook] c.z.h.HikariDataSource [HikariDataSource.java:352] HikariPool-1 - Shutdown completed.
2023-07-26 11:36:12,224 INFO [restartedMain] c.e.t.TreeholeApplication [StartupInfoLogger.java:55] Starting TreeholeApplication using Java 11.0.8 on MagicBook14 with PID 7300 (D:\BOOK\Java\Treehole\target\classes started by Summe in D:\BOOK\Java\Treehole)
2023-07-26 11:36:12,224 INFO [restartedMain] c.e.t.TreeholeApplication [SpringApplication.java:631] No active profile set, falling back to 1 default profile: "default"
2023-07-26 11:36:12,252 INFO [restartedMain] o.s.b.d.e.DevToolsPropertyDefaultsPostProcessor [DeferredLog.java:255] Devtools property defaults active! Set 'spring.devtools.add-properties' to 'false' to disable
2023-07-26 11:36:12,252 INFO [restartedMain] o.s.b.d.e.DevToolsPropertyDefaultsPostProcessor [DeferredLog.java:255] For additional web related logging consider setting the 'logging.level.web' property to 'DEBUG'
2023-07-26 11:36:12,858 INFO [restartedMain] o.s.b.w.e.t.TomcatWebServer [TomcatWebServer.java:108] Tomcat initialized with port(s): 8080 (http)
2023-07-26 11:36:12,862 INFO [restartedMain] o.a.c.h.Http11NioProtocol [DirectJDKLog.java:173] Initializing ProtocolHandler ["http-nio-8080"]
2023-07-26 11:36:12,862 INFO [restartedMain] o.a.c.c.StandardService [DirectJDKLog.java:173] Starting service [Tomcat]
2023-07-26 11:36:12,862 INFO [restartedMain] o.a.c.c.StandardEngine [DirectJDKLog.java:173] Starting Servlet engine: [Apache Tomcat/9.0.74]
2023-07-26 11:36:12,905 INFO [restartedMain] o.a.c.c.C.[.[.[/treehole] [DirectJDKLog.java:173] Initializing Spring embedded WebApplicationContext
2023-07-26 11:36:12,905 INFO [restartedMain] o.s.b.w.s.c.ServletWebServerApplicationContext [ServletWebServerApplicationContext.java:292] Root WebApplicationContext: initialization completed in 653 ms
2023-07-26 11:36:13,224 INFO [restartedMain] o.s.b.a.w.s.WelcomePageHandlerMapping [WelcomePageHandlerMapping.java:57] Adding welcome page template: index
2023-07-26 11:36:13,313 INFO [restartedMain] o.s.b.d.a.OptionalLiveReloadServer [OptionalLiveReloadServer.java:59] LiveReload server is running on port 35729
2023-07-26 11:36:13,323 INFO [restartedMain] o.a.c.h.Http11NioProtocol [DirectJDKLog.java:173] Starting ProtocolHandler ["http-nio-8080"]
2023-07-26 11:36:13,338 INFO [restartedMain] o.s.b.w.e.t.TomcatWebServer [TomcatWebServer.java:220] Tomcat started on port(s): 8080 (http) with context path '/treehole'
2023-07-26 11:36:13,348 INFO [restartedMain] c.e.t.TreeholeApplication [StartupInfoLogger.java:61] Started TreeholeApplication in 1.393 seconds (JVM running for 1.954)
2023-07-26 11:36:15,332 INFO [http-nio-8080-exec-2] o.a.c.c.C.[.[.[/treehole] [DirectJDKLog.java:173] Initializing Spring DispatcherServlet 'dispatcherServlet'
2023-07-26 11:36:15,333 INFO [http-nio-8080-exec-2] o.s.w.s.DispatcherServlet [FrameworkServlet.java:525] Initializing Servlet 'dispatcherServlet'
2023-07-26 11:36:15,334 INFO [http-nio-8080-exec-2] o.s.w.s.DispatcherServlet [FrameworkServlet.java:547] Completed initialization in 1 ms
2023-07-26 11:36:15,356 INFO [http-nio-8080-exec-2] c.z.h.HikariDataSource [HikariDataSource.java:110] HikariPool-1 - Starting...
2023-07-26 11:36:15,428 INFO [http-nio-8080-exec-2] c.z.h.HikariDataSource [HikariDataSource.java:123] HikariPool-1 - Start completed.
2023-07-26 11:43:16,092 INFO [SpringApplicationShutdownHook] c.z.h.HikariDataSource [HikariDataSource.java:350] HikariPool-1 - Shutdown initiated...
2023-07-26 11:43:16,096 INFO [SpringApplicationShutdownHook] c.z.h.HikariDataSource [HikariDataSource.java:352] HikariPool-1 - Shutdown completed.
2023-07-26 11:43:18,252 INFO [restartedMain] c.e.t.TreeholeApplication [StartupInfoLogger.java:55] Starting TreeholeApplication using Java 11.0.8 on MagicBook14 with PID 23968 (D:\BOOK\Java\Treehole\target\classes started by Summe in D:\BOOK\Java\Treehole)
2023-07-26 11:43:18,253 INFO [restartedMain] c.e.t.TreeholeApplication [SpringApplication.java:631] No active profile set, falling back to 1 default profile: "default"
2023-07-26 11:43:18,284 INFO [restartedMain] o.s.b.d.e.DevToolsPropertyDefaultsPostProcessor [DeferredLog.java:255] Devtools property defaults active! Set 'spring.devtools.add-properties' to 'false' to disable
2023-07-26 11:43:18,284 INFO [restartedMain] o.s.b.d.e.DevToolsPropertyDefaultsPostProcessor [DeferredLog.java:255] For additional web related logging consider setting the 'logging.level.web' property to 'DEBUG'
2023-07-26 11:43:18,964 INFO [restartedMain] o.s.b.w.e.t.TomcatWebServer [TomcatWebServer.java:108] Tomcat initialized with port(s): 8080 (http)
2023-07-26 11:43:18,971 INFO [restartedMain] o.a.c.h.Http11NioProtocol [DirectJDKLog.java:173] Initializing ProtocolHandler ["http-nio-8080"]
2023-07-26 11:43:18,971 INFO [restartedMain] o.a.c.c.StandardService [DirectJDKLog.java:173] Starting service [Tomcat]
2023-07-26 11:43:18,971 INFO [restartedMain] o.a.c.c.StandardEngine [DirectJDKLog.java:173] Starting Servlet engine: [Apache Tomcat/9.0.74]
2023-07-26 11:43:19,021 INFO [restartedMain] o.a.c.c.C.[.[.[/treehole] [DirectJDKLog.java:173] Initializing Spring embedded WebApplicationContext
2023-07-26 11:43:19,021 INFO [restartedMain] o.s.b.w.s.c.ServletWebServerApplicationContext [ServletWebServerApplicationContext.java:292] Root WebApplicationContext: initialization completed in 736 ms
2023-07-26 11:43:19,341 INFO [restartedMain] o.s.b.a.w.s.WelcomePageHandlerMapping [WelcomePageHandlerMapping.java:57] Adding welcome page template: index
2023-07-26 11:43:19,446 INFO [restartedMain] o.s.b.d.a.OptionalLiveReloadServer [OptionalLiveReloadServer.java:59] LiveReload server is running on port 35729
2023-07-26 11:43:19,461 INFO [restartedMain] o.a.c.h.Http11NioProtocol [DirectJDKLog.java:173] Starting ProtocolHandler ["http-nio-8080"]
2023-07-26 11:43:19,477 INFO [restartedMain] o.s.b.w.e.t.TomcatWebServer [TomcatWebServer.java:220] Tomcat started on port(s): 8080 (http) with context path '/treehole'
2023-07-26 11:43:19,486 INFO [restartedMain] c.e.t.TreeholeApplication [StartupInfoLogger.java:61] Started TreeholeApplication in 1.533 seconds (JVM running for 2.187)
