2023-07-19 09:49:36,042 INFO [main] c.e.t.MapperTests [StartupInfoLogger.java:55] Starting MapperTests using Java 11.0.8 on MagicBook14 with PID 9628 (started by Summe in D:\BOOK\Java\Treehole)
2023-07-19 09:49:36,051 INFO [main] c.e.t.MapperTests [SpringApplication.java:631] No active profile set, falling back to 1 default profile: "default"
2023-07-19 09:49:37,557 INFO [main] o.s.b.a.w.s.WelcomePageHandlerMapping [WelcomePageHandlerMapping.java:57] Adding welcome page template: index
2023-07-19 09:49:37,877 INFO [main] c.e.t.MapperTests [StartupInfoLogger.java:61] Started MapperTests in 2.217 seconds (JVM running for 3.05)
2023-07-19 09:49:38,267 INFO [main] c.z.h.HikariDataSource [HikariDataSource.java:110] HikariPool-1 - Starting...
2023-07-19 09:49:38,414 INFO [main] c.z.h.HikariDataSource [HikariDataSource.java:123] HikariPool-1 - Start completed.
2023-07-19 09:49:38,479 INFO [SpringApplicationShutdownHook] c.z.h.HikariDataSource [HikariDataSource.java:350] HikariPool-1 - Shutdown initiated...
2023-07-19 09:49:38,484 INFO [SpringApplicationShutdownHook] c.z.h.HikariDataSource [HikariDataSource.java:352] HikariPool-1 - Shutdown completed.
2023-07-19 09:52:34,399 INFO [main] c.e.t.MapperTests [StartupInfoLogger.java:55] Starting MapperTests using Java 11.0.8 on MagicBook14 with PID 21680 (started by Summe in D:\BOOK\Java\Treehole)
2023-07-19 09:52:34,401 INFO [main] c.e.t.MapperTests [SpringApplication.java:631] No active profile set, falling back to 1 default profile: "default"
2023-07-19 09:52:35,850 INFO [main] o.s.b.a.w.s.WelcomePageHandlerMapping [WelcomePageHandlerMapping.java:57] Adding welcome page template: index
2023-07-19 09:52:36,148 INFO [main] c.e.t.MapperTests [StartupInfoLogger.java:61] Started MapperTests in 2.125 seconds (JVM running for 2.767)
2023-07-19 09:52:36,530 INFO [main] c.z.h.HikariDataSource [HikariDataSource.java:110] HikariPool-1 - Starting...
2023-07-19 09:52:36,661 INFO [main] c.z.h.HikariDataSource [HikariDataSource.java:123] HikariPool-1 - Start completed.
2023-07-19 09:52:36,741 INFO [SpringApplicationShutdownHook] c.z.h.HikariDataSource [HikariDataSource.java:350] HikariPool-1 - Shutdown initiated...
2023-07-19 09:52:36,747 INFO [SpringApplicationShutdownHook] c.z.h.HikariDataSource [HikariDataSource.java:352] HikariPool-1 - Shutdown completed.
2023-07-19 11:46:46,312 INFO [restartedMain] c.e.t.TreeholeApplication [StartupInfoLogger.java:55] Starting TreeholeApplication using Java 11.0.8 on MagicBook14 with PID 15380 (D:\BOOK\Java\Treehole\target\classes started by Summe in D:\BOOK\Java\Treehole)
2023-07-19 11:46:46,313 INFO [restartedMain] c.e.t.TreeholeApplication [SpringApplication.java:631] No active profile set, falling back to 1 default profile: "default"
2023-07-19 11:46:46,344 INFO [restartedMain] o.s.b.d.e.DevToolsPropertyDefaultsPostProcessor [DeferredLog.java:255] Devtools property defaults active! Set 'spring.devtools.add-properties' to 'false' to disable
2023-07-19 11:46:46,344 INFO [restartedMain] o.s.b.d.e.DevToolsPropertyDefaultsPostProcessor [DeferredLog.java:255] For additional web related logging consider setting the 'logging.level.web' property to 'DEBUG'
2023-07-19 11:46:47,098 INFO [restartedMain] o.s.b.w.e.t.TomcatWebServer [TomcatWebServer.java:108] Tomcat initialized with port(s): 8080 (http)
2023-07-19 11:46:47,105 INFO [restartedMain] o.a.c.h.Http11NioProtocol [DirectJDKLog.java:173] Initializing ProtocolHandler ["http-nio-8080"]
2023-07-19 11:46:47,105 INFO [restartedMain] o.a.c.c.StandardService [DirectJDKLog.java:173] Starting service [Tomcat]
2023-07-19 11:46:47,106 INFO [restartedMain] o.a.c.c.StandardEngine [DirectJDKLog.java:173] Starting Servlet engine: [Apache Tomcat/9.0.74]
2023-07-19 11:46:47,161 INFO [restartedMain] o.a.c.c.C.[.[.[/treehole] [DirectJDKLog.java:173] Initializing Spring embedded WebApplicationContext
2023-07-19 11:46:47,161 INFO [restartedMain] o.s.b.w.s.c.ServletWebServerApplicationContext [ServletWebServerApplicationContext.java:292] Root WebApplicationContext: initialization completed in 815 ms
2023-07-19 11:46:47,509 INFO [restartedMain] o.s.b.a.w.s.WelcomePageHandlerMapping [WelcomePageHandlerMapping.java:57] Adding welcome page template: index
2023-07-19 11:46:47,616 INFO [restartedMain] o.s.b.d.a.OptionalLiveReloadServer [OptionalLiveReloadServer.java:59] LiveReload server is running on port 35729
2023-07-19 11:46:47,627 INFO [restartedMain] o.a.c.h.Http11NioProtocol [DirectJDKLog.java:173] Starting ProtocolHandler ["http-nio-8080"]
2023-07-19 11:46:47,641 INFO [restartedMain] o.s.b.w.e.t.TomcatWebServer [TomcatWebServer.java:220] Tomcat started on port(s): 8080 (http) with context path '/treehole'
2023-07-19 11:46:47,649 INFO [restartedMain] c.e.t.TreeholeApplication [StartupInfoLogger.java:61] Started TreeholeApplication in 1.635 seconds (JVM running for 2.3)
2023-07-19 11:46:56,957 INFO [http-nio-8080-exec-1] o.a.c.c.C.[.[.[/treehole] [DirectJDKLog.java:173] Initializing Spring DispatcherServlet 'dispatcherServlet'
2023-07-19 11:46:56,958 INFO [http-nio-8080-exec-1] o.s.w.s.DispatcherServlet [FrameworkServlet.java:525] Initializing Servlet 'dispatcherServlet'
2023-07-19 11:46:56,958 INFO [http-nio-8080-exec-1] o.s.w.s.DispatcherServlet [FrameworkServlet.java:547] Completed initialization in 0 ms
2023-07-19 11:47:02,070 INFO [http-nio-8080-exec-3] c.z.h.HikariDataSource [HikariDataSource.java:110] HikariPool-1 - Starting...
2023-07-19 11:47:02,148 INFO [http-nio-8080-exec-3] c.z.h.HikariDataSource [HikariDataSource.java:123] HikariPool-1 - Start completed.
2023-07-19 12:02:20,724 INFO [SpringApplicationShutdownHook] c.z.h.HikariDataSource [HikariDataSource.java:350] HikariPool-1 - Shutdown initiated...
2023-07-19 12:02:20,729 INFO [SpringApplicationShutdownHook] c.z.h.HikariDataSource [HikariDataSource.java:352] HikariPool-1 - Shutdown completed.
2023-07-19 14:33:42,278 INFO [restartedMain] c.e.t.TreeholeApplication [StartupInfoLogger.java:55] Starting TreeholeApplication using Java 11.0.8 on MagicBook14 with PID 16412 (D:\BOOK\Java\Treehole\target\classes started by Summe in D:\BOOK\Java\Treehole)
2023-07-19 14:33:42,278 INFO [restartedMain] c.e.t.TreeholeApplication [SpringApplication.java:631] No active profile set, falling back to 1 default profile: "default"
2023-07-19 14:33:42,298 INFO [restartedMain] o.s.b.d.e.DevToolsPropertyDefaultsPostProcessor [DeferredLog.java:255] Devtools property defaults active! Set 'spring.devtools.add-properties' to 'false' to disable
2023-07-19 14:33:42,298 INFO [restartedMain] o.s.b.d.e.DevToolsPropertyDefaultsPostProcessor [DeferredLog.java:255] For additional web related logging consider setting the 'logging.level.web' property to 'DEBUG'
2023-07-19 14:33:42,959 INFO [restartedMain] o.s.b.w.e.t.TomcatWebServer [TomcatWebServer.java:108] Tomcat initialized with port(s): 8080 (http)
2023-07-19 14:33:42,964 INFO [restartedMain] o.a.c.h.Http11NioProtocol [DirectJDKLog.java:173] Initializing ProtocolHandler ["http-nio-8080"]
2023-07-19 14:33:42,965 INFO [restartedMain] o.a.c.c.StandardService [DirectJDKLog.java:173] Starting service [Tomcat]
2023-07-19 14:33:42,965 INFO [restartedMain] o.a.c.c.StandardEngine [DirectJDKLog.java:173] Starting Servlet engine: [Apache Tomcat/9.0.74]
2023-07-19 14:33:43,013 INFO [restartedMain] o.a.c.c.C.[.[.[/treehole] [DirectJDKLog.java:173] Initializing Spring embedded WebApplicationContext
2023-07-19 14:33:43,013 INFO [restartedMain] o.s.b.w.s.c.ServletWebServerApplicationContext [ServletWebServerApplicationContext.java:292] Root WebApplicationContext: initialization completed in 715 ms
2023-07-19 14:33:43,308 INFO [restartedMain] o.s.b.a.w.s.WelcomePageHandlerMapping [WelcomePageHandlerMapping.java:57] Adding welcome page template: index
2023-07-19 14:33:43,396 INFO [restartedMain] o.s.b.d.a.OptionalLiveReloadServer [OptionalLiveReloadServer.java:59] LiveReload server is running on port 35729
2023-07-19 14:33:43,406 INFO [restartedMain] o.a.c.h.Http11NioProtocol [DirectJDKLog.java:173] Starting ProtocolHandler ["http-nio-8080"]
2023-07-19 14:33:43,418 INFO [restartedMain] o.s.b.w.e.t.TomcatWebServer [TomcatWebServer.java:220] Tomcat started on port(s): 8080 (http) with context path '/treehole'
2023-07-19 14:33:43,426 INFO [restartedMain] c.e.t.TreeholeApplication [StartupInfoLogger.java:61] Started TreeholeApplication in 1.419 seconds (JVM running for 2.065)
2023-07-19 14:33:48,664 INFO [http-nio-8080-exec-1] o.a.c.c.C.[.[.[/treehole] [DirectJDKLog.java:173] Initializing Spring DispatcherServlet 'dispatcherServlet'
2023-07-19 14:33:48,665 INFO [http-nio-8080-exec-1] o.s.w.s.DispatcherServlet [FrameworkServlet.java:525] Initializing Servlet 'dispatcherServlet'
2023-07-19 14:33:48,666 INFO [http-nio-8080-exec-1] o.s.w.s.DispatcherServlet [FrameworkServlet.java:547] Completed initialization in 1 ms
2023-07-19 14:34:19,713 INFO [http-nio-8080-exec-1] c.z.h.HikariDataSource [HikariDataSource.java:110] HikariPool-1 - Starting...
2023-07-19 14:34:19,859 INFO [http-nio-8080-exec-1] c.z.h.HikariDataSource [HikariDataSource.java:123] HikariPool-1 - Start completed.
2023-07-19 14:37:34,673 INFO [SpringApplicationShutdownHook] c.z.h.HikariDataSource [HikariDataSource.java:350] HikariPool-1 - Shutdown initiated...
2023-07-19 14:37:34,677 INFO [SpringApplicationShutdownHook] c.z.h.HikariDataSource [HikariDataSource.java:352] HikariPool-1 - Shutdown completed.
2023-07-19 14:37:38,050 INFO [restartedMain] c.e.t.TreeholeApplication [StartupInfoLogger.java:55] Starting TreeholeApplication using Java 11.0.8 on MagicBook14 with PID 18196 (D:\BOOK\Java\Treehole\target\classes started by Summe in D:\BOOK\Java\Treehole)
2023-07-19 14:37:38,051 INFO [restartedMain] c.e.t.TreeholeApplication [SpringApplication.java:631] No active profile set, falling back to 1 default profile: "default"
2023-07-19 14:37:38,082 INFO [restartedMain] o.s.b.d.e.DevToolsPropertyDefaultsPostProcessor [DeferredLog.java:255] Devtools property defaults active! Set 'spring.devtools.add-properties' to 'false' to disable
2023-07-19 14:37:38,083 INFO [restartedMain] o.s.b.d.e.DevToolsPropertyDefaultsPostProcessor [DeferredLog.java:255] For additional web related logging consider setting the 'logging.level.web' property to 'DEBUG'
2023-07-19 14:37:38,707 INFO [restartedMain] o.s.b.w.e.t.TomcatWebServer [TomcatWebServer.java:108] Tomcat initialized with port(s): 8080 (http)
2023-07-19 14:37:38,712 INFO [restartedMain] o.a.c.h.Http11NioProtocol [DirectJDKLog.java:173] Initializing ProtocolHandler ["http-nio-8080"]
2023-07-19 14:37:38,712 INFO [restartedMain] o.a.c.c.StandardService [DirectJDKLog.java:173] Starting service [Tomcat]
2023-07-19 14:37:38,712 INFO [restartedMain] o.a.c.c.StandardEngine [DirectJDKLog.java:173] Starting Servlet engine: [Apache Tomcat/9.0.74]
2023-07-19 14:37:38,757 INFO [restartedMain] o.a.c.c.C.[.[.[/treehole] [DirectJDKLog.java:173] Initializing Spring embedded WebApplicationContext
2023-07-19 14:37:38,757 INFO [restartedMain] o.s.b.w.s.c.ServletWebServerApplicationContext [ServletWebServerApplicationContext.java:292] Root WebApplicationContext: initialization completed in 674 ms
2023-07-19 14:37:39,119 INFO [restartedMain] o.s.b.a.w.s.WelcomePageHandlerMapping [WelcomePageHandlerMapping.java:57] Adding welcome page template: index
2023-07-19 14:37:39,220 INFO [restartedMain] o.s.b.d.a.OptionalLiveReloadServer [OptionalLiveReloadServer.java:59] LiveReload server is running on port 35729
2023-07-19 14:37:39,231 INFO [restartedMain] o.a.c.h.Http11NioProtocol [DirectJDKLog.java:173] Starting ProtocolHandler ["http-nio-8080"]
2023-07-19 14:37:39,244 INFO [restartedMain] o.s.b.w.e.t.TomcatWebServer [TomcatWebServer.java:220] Tomcat started on port(s): 8080 (http) with context path '/treehole'
2023-07-19 14:37:39,252 INFO [restartedMain] c.e.t.TreeholeApplication [StartupInfoLogger.java:61] Started TreeholeApplication in 1.5 seconds (JVM running for 2.096)
2023-07-19 14:37:44,186 INFO [http-nio-8080-exec-1] o.a.c.c.C.[.[.[/treehole] [DirectJDKLog.java:173] Initializing Spring DispatcherServlet 'dispatcherServlet'
2023-07-19 14:37:44,187 INFO [http-nio-8080-exec-1] o.s.w.s.DispatcherServlet [FrameworkServlet.java:525] Initializing Servlet 'dispatcherServlet'
2023-07-19 14:37:44,188 INFO [http-nio-8080-exec-1] o.s.w.s.DispatcherServlet [FrameworkServlet.java:547] Completed initialization in 1 ms
2023-07-19 14:37:44,225 INFO [http-nio-8080-exec-1] c.z.h.HikariDataSource [HikariDataSource.java:110] HikariPool-1 - Starting...
2023-07-19 14:37:44,294 INFO [http-nio-8080-exec-1] c.z.h.HikariDataSource [HikariDataSource.java:123] HikariPool-1 - Start completed.
2023-07-19 15:04:17,766 INFO [SpringApplicationShutdownHook] c.z.h.HikariDataSource [HikariDataSource.java:350] HikariPool-1 - Shutdown initiated...
2023-07-19 15:04:17,772 INFO [SpringApplicationShutdownHook] c.z.h.HikariDataSource [HikariDataSource.java:352] HikariPool-1 - Shutdown completed.
2023-07-19 15:04:20,661 INFO [restartedMain] c.e.t.TreeholeApplication [StartupInfoLogger.java:55] Starting TreeholeApplication using Java 11.0.8 on MagicBook14 with PID 4552 (D:\BOOK\Java\Treehole\target\classes started by Summe in D:\BOOK\Java\Treehole)
2023-07-19 15:04:20,661 INFO [restartedMain] c.e.t.TreeholeApplication [SpringApplication.java:631] No active profile set, falling back to 1 default profile: "default"
2023-07-19 15:04:20,695 INFO [restartedMain] o.s.b.d.e.DevToolsPropertyDefaultsPostProcessor [DeferredLog.java:255] Devtools property defaults active! Set 'spring.devtools.add-properties' to 'false' to disable
2023-07-19 15:04:20,695 INFO [restartedMain] o.s.b.d.e.DevToolsPropertyDefaultsPostProcessor [DeferredLog.java:255] For additional web related logging consider setting the 'logging.level.web' property to 'DEBUG'
2023-07-19 15:04:21,303 INFO [restartedMain] o.s.b.w.e.t.TomcatWebServer [TomcatWebServer.java:108] Tomcat initialized with port(s): 8080 (http)
2023-07-19 15:04:21,303 INFO [restartedMain] o.a.c.h.Http11NioProtocol [DirectJDKLog.java:173] Initializing ProtocolHandler ["http-nio-8080"]
2023-07-19 15:04:21,303 INFO [restartedMain] o.a.c.c.StandardService [DirectJDKLog.java:173] Starting service [Tomcat]
2023-07-19 15:04:21,303 INFO [restartedMain] o.a.c.c.StandardEngine [DirectJDKLog.java:173] Starting Servlet engine: [Apache Tomcat/9.0.74]
2023-07-19 15:04:21,351 INFO [restartedMain] o.a.c.c.C.[.[.[/treehole] [DirectJDKLog.java:173] Initializing Spring embedded WebApplicationContext
2023-07-19 15:04:21,351 INFO [restartedMain] o.s.b.w.s.c.ServletWebServerApplicationContext [ServletWebServerApplicationContext.java:292] Root WebApplicationContext: initialization completed in 654 ms
2023-07-19 15:04:21,688 INFO [restartedMain] o.s.b.a.w.s.WelcomePageHandlerMapping [WelcomePageHandlerMapping.java:57] Adding welcome page template: index
2023-07-19 15:04:21,782 INFO [restartedMain] o.s.b.d.a.OptionalLiveReloadServer [OptionalLiveReloadServer.java:59] LiveReload server is running on port 35729
2023-07-19 15:04:21,792 INFO [restartedMain] o.a.c.h.Http11NioProtocol [DirectJDKLog.java:173] Starting ProtocolHandler ["http-nio-8080"]
2023-07-19 15:04:21,805 INFO [restartedMain] o.s.b.w.e.t.TomcatWebServer [TomcatWebServer.java:220] Tomcat started on port(s): 8080 (http) with context path '/treehole'
2023-07-19 15:04:21,813 INFO [restartedMain] c.e.t.TreeholeApplication [StartupInfoLogger.java:61] Started TreeholeApplication in 1.427 seconds (JVM running for 1.988)
2023-07-19 15:04:28,713 INFO [http-nio-8080-exec-1] o.a.c.c.C.[.[.[/treehole] [DirectJDKLog.java:173] Initializing Spring DispatcherServlet 'dispatcherServlet'
2023-07-19 15:04:28,713 INFO [http-nio-8080-exec-1] o.s.w.s.DispatcherServlet [FrameworkServlet.java:525] Initializing Servlet 'dispatcherServlet'
2023-07-19 15:04:28,714 INFO [http-nio-8080-exec-1] o.s.w.s.DispatcherServlet [FrameworkServlet.java:547] Completed initialization in 1 ms
2023-07-19 15:04:31,504 INFO [http-nio-8080-exec-5] c.z.h.HikariDataSource [HikariDataSource.java:110] HikariPool-1 - Starting...
2023-07-19 15:04:31,576 INFO [http-nio-8080-exec-5] c.z.h.HikariDataSource [HikariDataSource.java:123] HikariPool-1 - Start completed.
2023-07-19 15:10:07,298 INFO [SpringApplicationShutdownHook] c.z.h.HikariDataSource [HikariDataSource.java:350] HikariPool-1 - Shutdown initiated...
2023-07-19 15:10:07,303 INFO [SpringApplicationShutdownHook] c.z.h.HikariDataSource [HikariDataSource.java:352] HikariPool-1 - Shutdown completed.
2023-07-19 15:10:10,317 INFO [restartedMain] c.e.t.TreeholeApplication [StartupInfoLogger.java:55] Starting TreeholeApplication using Java 11.0.8 on MagicBook14 with PID 15544 (D:\BOOK\Java\Treehole\target\classes started by Summe in D:\BOOK\Java\Treehole)
2023-07-19 15:10:10,318 INFO [restartedMain] c.e.t.TreeholeApplication [SpringApplication.java:631] No active profile set, falling back to 1 default profile: "default"
2023-07-19 15:10:10,346 INFO [restartedMain] o.s.b.d.e.DevToolsPropertyDefaultsPostProcessor [DeferredLog.java:255] Devtools property defaults active! Set 'spring.devtools.add-properties' to 'false' to disable
2023-07-19 15:10:10,347 INFO [restartedMain] o.s.b.d.e.DevToolsPropertyDefaultsPostProcessor [DeferredLog.java:255] For additional web related logging consider setting the 'logging.level.web' property to 'DEBUG'
2023-07-19 15:10:10,963 INFO [restartedMain] o.s.b.w.e.t.TomcatWebServer [TomcatWebServer.java:108] Tomcat initialized with port(s): 8080 (http)
2023-07-19 15:10:10,968 INFO [restartedMain] o.a.c.h.Http11NioProtocol [DirectJDKLog.java:173] Initializing ProtocolHandler ["http-nio-8080"]
2023-07-19 15:10:10,968 INFO [restartedMain] o.a.c.c.StandardService [DirectJDKLog.java:173] Starting service [Tomcat]
2023-07-19 15:10:10,968 INFO [restartedMain] o.a.c.c.StandardEngine [DirectJDKLog.java:173] Starting Servlet engine: [Apache Tomcat/9.0.74]
2023-07-19 15:10:11,014 INFO [restartedMain] o.a.c.c.C.[.[.[/treehole] [DirectJDKLog.java:173] Initializing Spring embedded WebApplicationContext
2023-07-19 15:10:11,014 INFO [restartedMain] o.s.b.w.s.c.ServletWebServerApplicationContext [ServletWebServerApplicationContext.java:292] Root WebApplicationContext: initialization completed in 666 ms
2023-07-19 15:10:11,343 INFO [restartedMain] o.s.b.a.w.s.WelcomePageHandlerMapping [WelcomePageHandlerMapping.java:57] Adding welcome page template: index
2023-07-19 15:10:11,429 INFO [restartedMain] o.s.b.d.a.OptionalLiveReloadServer [OptionalLiveReloadServer.java:59] LiveReload server is running on port 35729
2023-07-19 15:10:11,438 INFO [restartedMain] o.a.c.h.Http11NioProtocol [DirectJDKLog.java:173] Starting ProtocolHandler ["http-nio-8080"]
2023-07-19 15:10:11,451 INFO [restartedMain] o.s.b.w.e.t.TomcatWebServer [TomcatWebServer.java:220] Tomcat started on port(s): 8080 (http) with context path '/treehole'
2023-07-19 15:10:11,459 INFO [restartedMain] c.e.t.TreeholeApplication [StartupInfoLogger.java:61] Started TreeholeApplication in 1.417 seconds (JVM running for 1.996)
2023-07-19 15:10:29,474 INFO [http-nio-8080-exec-1] o.a.c.c.C.[.[.[/treehole] [DirectJDKLog.java:173] Initializing Spring DispatcherServlet 'dispatcherServlet'
2023-07-19 15:10:29,475 INFO [http-nio-8080-exec-1] o.s.w.s.DispatcherServlet [FrameworkServlet.java:525] Initializing Servlet 'dispatcherServlet'
2023-07-19 15:10:29,477 INFO [http-nio-8080-exec-1] o.s.w.s.DispatcherServlet [FrameworkServlet.java:547] Completed initialization in 1 ms
2023-07-19 15:14:34,432 INFO [http-nio-8080-exec-6] c.z.h.HikariDataSource [HikariDataSource.java:110] HikariPool-1 - Starting...
2023-07-19 15:14:34,514 INFO [http-nio-8080-exec-6] c.z.h.HikariDataSource [HikariDataSource.java:123] HikariPool-1 - Start completed.
2023-07-19 15:20:19,001 INFO [SpringApplicationShutdownHook] c.z.h.HikariDataSource [HikariDataSource.java:350] HikariPool-1 - Shutdown initiated...
2023-07-19 15:20:19,010 INFO [SpringApplicationShutdownHook] c.z.h.HikariDataSource [HikariDataSource.java:352] HikariPool-1 - Shutdown completed.
2023-07-19 15:20:23,319 INFO [restartedMain] c.e.t.TreeholeApplication [StartupInfoLogger.java:55] Starting TreeholeApplication using Java 11.0.8 on MagicBook14 with PID 23548 (D:\BOOK\Java\Treehole\target\classes started by Summe in D:\BOOK\Java\Treehole)
2023-07-19 15:20:23,322 INFO [restartedMain] c.e.t.TreeholeApplication [SpringApplication.java:631] No active profile set, falling back to 1 default profile: "default"
2023-07-19 15:20:23,361 INFO [restartedMain] o.s.b.d.e.DevToolsPropertyDefaultsPostProcessor [DeferredLog.java:255] Devtools property defaults active! Set 'spring.devtools.add-properties' to 'false' to disable
2023-07-19 15:20:23,361 INFO [restartedMain] o.s.b.d.e.DevToolsPropertyDefaultsPostProcessor [DeferredLog.java:255] For additional web related logging consider setting the 'logging.level.web' property to 'DEBUG'
2023-07-19 15:20:23,965 INFO [restartedMain] o.s.b.w.e.t.TomcatWebServer [TomcatWebServer.java:108] Tomcat initialized with port(s): 8080 (http)
2023-07-19 15:20:23,971 INFO [restartedMain] o.a.c.h.Http11NioProtocol [DirectJDKLog.java:173] Initializing ProtocolHandler ["http-nio-8080"]
2023-07-19 15:20:23,972 INFO [restartedMain] o.a.c.c.StandardService [DirectJDKLog.java:173] Starting service [Tomcat]
2023-07-19 15:20:23,972 INFO [restartedMain] o.a.c.c.StandardEngine [DirectJDKLog.java:173] Starting Servlet engine: [Apache Tomcat/9.0.74]
2023-07-19 15:20:24,020 INFO [restartedMain] o.a.c.c.C.[.[.[/treehole] [DirectJDKLog.java:173] Initializing Spring embedded WebApplicationContext
2023-07-19 15:20:24,020 INFO [restartedMain] o.s.b.w.s.c.ServletWebServerApplicationContext [ServletWebServerApplicationContext.java:292] Root WebApplicationContext: initialization completed in 657 ms
2023-07-19 15:20:24,327 INFO [restartedMain] o.s.b.a.w.s.WelcomePageHandlerMapping [WelcomePageHandlerMapping.java:57] Adding welcome page template: index
2023-07-19 15:20:24,411 INFO [restartedMain] o.s.b.d.a.OptionalLiveReloadServer [OptionalLiveReloadServer.java:59] LiveReload server is running on port 35729
2023-07-19 15:20:24,421 INFO [restartedMain] o.a.c.h.Http11NioProtocol [DirectJDKLog.java:173] Starting ProtocolHandler ["http-nio-8080"]
2023-07-19 15:20:24,433 INFO [restartedMain] o.s.b.w.e.t.TomcatWebServer [TomcatWebServer.java:220] Tomcat started on port(s): 8080 (http) with context path '/treehole'
2023-07-19 15:20:24,441 INFO [restartedMain] c.e.t.TreeholeApplication [StartupInfoLogger.java:61] Started TreeholeApplication in 1.404 seconds (JVM running for 1.983)
2023-07-19 15:20:35,479 INFO [http-nio-8080-exec-2] o.a.c.c.C.[.[.[/treehole] [DirectJDKLog.java:173] Initializing Spring DispatcherServlet 'dispatcherServlet'
2023-07-19 15:20:35,480 INFO [http-nio-8080-exec-2] o.s.w.s.DispatcherServlet [FrameworkServlet.java:525] Initializing Servlet 'dispatcherServlet'
2023-07-19 15:20:35,481 INFO [http-nio-8080-exec-2] o.s.w.s.DispatcherServlet [FrameworkServlet.java:547] Completed initialization in 1 ms
2023-07-19 15:20:39,941 INFO [http-nio-8080-exec-7] c.z.h.HikariDataSource [HikariDataSource.java:110] HikariPool-1 - Starting...
2023-07-19 15:20:40,068 INFO [http-nio-8080-exec-7] c.z.h.HikariDataSource [HikariDataSource.java:123] HikariPool-1 - Start completed.
2023-07-19 15:23:36,503 INFO [SpringApplicationShutdownHook] c.z.h.HikariDataSource [HikariDataSource.java:350] HikariPool-1 - Shutdown initiated...
2023-07-19 15:23:36,507 INFO [SpringApplicationShutdownHook] c.z.h.HikariDataSource [HikariDataSource.java:352] HikariPool-1 - Shutdown completed.
2023-07-19 15:23:39,446 INFO [restartedMain] c.e.t.TreeholeApplication [StartupInfoLogger.java:55] Starting TreeholeApplication using Java 11.0.8 on MagicBook14 with PID 3592 (D:\BOOK\Java\Treehole\target\classes started by Summe in D:\BOOK\Java\Treehole)
2023-07-19 15:23:39,447 INFO [restartedMain] c.e.t.TreeholeApplication [SpringApplication.java:631] No active profile set, falling back to 1 default profile: "default"
2023-07-19 15:23:39,474 INFO [restartedMain] o.s.b.d.e.DevToolsPropertyDefaultsPostProcessor [DeferredLog.java:255] Devtools property defaults active! Set 'spring.devtools.add-properties' to 'false' to disable
2023-07-19 15:23:39,475 INFO [restartedMain] o.s.b.d.e.DevToolsPropertyDefaultsPostProcessor [DeferredLog.java:255] For additional web related logging consider setting the 'logging.level.web' property to 'DEBUG'
2023-07-19 15:23:40,076 INFO [restartedMain] o.s.b.w.e.t.TomcatWebServer [TomcatWebServer.java:108] Tomcat initialized with port(s): 8080 (http)
2023-07-19 15:23:40,082 INFO [restartedMain] o.a.c.h.Http11NioProtocol [DirectJDKLog.java:173] Initializing ProtocolHandler ["http-nio-8080"]
2023-07-19 15:23:40,082 INFO [restartedMain] o.a.c.c.StandardService [DirectJDKLog.java:173] Starting service [Tomcat]
2023-07-19 15:23:40,082 INFO [restartedMain] o.a.c.c.StandardEngine [DirectJDKLog.java:173] Starting Servlet engine: [Apache Tomcat/9.0.74]
2023-07-19 15:23:40,130 INFO [restartedMain] o.a.c.c.C.[.[.[/treehole] [DirectJDKLog.java:173] Initializing Spring embedded WebApplicationContext
2023-07-19 15:23:40,131 INFO [restartedMain] o.s.b.w.s.c.ServletWebServerApplicationContext [ServletWebServerApplicationContext.java:292] Root WebApplicationContext: initialization completed in 655 ms
2023-07-19 15:23:40,427 INFO [restartedMain] o.s.b.a.w.s.WelcomePageHandlerMapping [WelcomePageHandlerMapping.java:57] Adding welcome page template: index
2023-07-19 15:23:40,512 INFO [restartedMain] o.s.b.d.a.OptionalLiveReloadServer [OptionalLiveReloadServer.java:59] LiveReload server is running on port 35729
2023-07-19 15:23:40,521 INFO [restartedMain] o.a.c.h.Http11NioProtocol [DirectJDKLog.java:173] Starting ProtocolHandler ["http-nio-8080"]
2023-07-19 15:23:40,532 INFO [restartedMain] o.s.b.w.e.t.TomcatWebServer [TomcatWebServer.java:220] Tomcat started on port(s): 8080 (http) with context path '/treehole'
2023-07-19 15:23:40,540 INFO [restartedMain] c.e.t.TreeholeApplication [StartupInfoLogger.java:61] Started TreeholeApplication in 1.366 seconds (JVM running for 1.92)
2023-07-19 15:23:45,522 INFO [http-nio-8080-exec-1] o.a.c.c.C.[.[.[/treehole] [DirectJDKLog.java:173] Initializing Spring DispatcherServlet 'dispatcherServlet'
2023-07-19 15:23:45,522 INFO [http-nio-8080-exec-1] o.s.w.s.DispatcherServlet [FrameworkServlet.java:525] Initializing Servlet 'dispatcherServlet'
2023-07-19 15:23:45,524 INFO [http-nio-8080-exec-1] o.s.w.s.DispatcherServlet [FrameworkServlet.java:547] Completed initialization in 2 ms
2023-07-19 15:24:08,536 INFO [http-nio-8080-exec-8] c.z.h.HikariDataSource [HikariDataSource.java:110] HikariPool-1 - Starting...
2023-07-19 15:24:08,667 INFO [http-nio-8080-exec-8] c.z.h.HikariDataSource [HikariDataSource.java:123] HikariPool-1 - Start completed.
2023-07-19 15:29:35,700 INFO [SpringApplicationShutdownHook] c.z.h.HikariDataSource [HikariDataSource.java:350] HikariPool-1 - Shutdown initiated...
2023-07-19 15:29:35,707 INFO [SpringApplicationShutdownHook] c.z.h.HikariDataSource [HikariDataSource.java:352] HikariPool-1 - Shutdown completed.
2023-07-19 15:29:40,327 INFO [restartedMain] c.e.t.TreeholeApplication [StartupInfoLogger.java:55] Starting TreeholeApplication using Java 11.0.8 on MagicBook14 with PID 13096 (D:\BOOK\Java\Treehole\target\classes started by Summe in D:\BOOK\Java\Treehole)
2023-07-19 15:29:40,328 INFO [restartedMain] c.e.t.TreeholeApplication [SpringApplication.java:631] No active profile set, falling back to 1 default profile: "default"
2023-07-19 15:29:40,351 INFO [restartedMain] o.s.b.d.e.DevToolsPropertyDefaultsPostProcessor [DeferredLog.java:255] Devtools property defaults active! Set 'spring.devtools.add-properties' to 'false' to disable
2023-07-19 15:29:40,352 INFO [restartedMain] o.s.b.d.e.DevToolsPropertyDefaultsPostProcessor [DeferredLog.java:255] For additional web related logging consider setting the 'logging.level.web' property to 'DEBUG'
2023-07-19 15:29:40,980 INFO [restartedMain] o.s.b.w.e.t.TomcatWebServer [TomcatWebServer.java:108] Tomcat initialized with port(s): 8080 (http)
2023-07-19 15:29:40,984 INFO [restartedMain] o.a.c.h.Http11NioProtocol [DirectJDKLog.java:173] Initializing ProtocolHandler ["http-nio-8080"]
2023-07-19 15:29:40,985 INFO [restartedMain] o.a.c.c.StandardService [DirectJDKLog.java:173] Starting service [Tomcat]
2023-07-19 15:29:40,985 INFO [restartedMain] o.a.c.c.StandardEngine [DirectJDKLog.java:173] Starting Servlet engine: [Apache Tomcat/9.0.74]
2023-07-19 15:29:41,037 INFO [restartedMain] o.a.c.c.C.[.[.[/treehole] [DirectJDKLog.java:173] Initializing Spring embedded WebApplicationContext
2023-07-19 15:29:41,038 INFO [restartedMain] o.s.b.w.s.c.ServletWebServerApplicationContext [ServletWebServerApplicationContext.java:292] Root WebApplicationContext: initialization completed in 686 ms
2023-07-19 15:29:41,341 INFO [restartedMain] o.s.b.a.w.s.WelcomePageHandlerMapping [WelcomePageHandlerMapping.java:57] Adding welcome page template: index
2023-07-19 15:29:41,431 INFO [restartedMain] o.s.b.d.a.OptionalLiveReloadServer [OptionalLiveReloadServer.java:59] LiveReload server is running on port 35729
2023-07-19 15:29:41,440 INFO [restartedMain] o.a.c.h.Http11NioProtocol [DirectJDKLog.java:173] Starting ProtocolHandler ["http-nio-8080"]
2023-07-19 15:29:41,451 INFO [restartedMain] o.s.b.w.e.t.TomcatWebServer [TomcatWebServer.java:220] Tomcat started on port(s): 8080 (http) with context path '/treehole'
2023-07-19 15:29:41,459 INFO [restartedMain] c.e.t.TreeholeApplication [StartupInfoLogger.java:61] Started TreeholeApplication in 1.421 seconds (JVM running for 2.069)
2023-07-19 15:29:41,578 INFO [http-nio-8080-exec-1] o.a.c.c.C.[.[.[/treehole] [DirectJDKLog.java:173] Initializing Spring DispatcherServlet 'dispatcherServlet'
2023-07-19 15:29:41,579 INFO [http-nio-8080-exec-1] o.s.w.s.DispatcherServlet [FrameworkServlet.java:525] Initializing Servlet 'dispatcherServlet'
2023-07-19 15:29:41,580 INFO [http-nio-8080-exec-1] o.s.w.s.DispatcherServlet [FrameworkServlet.java:547] Completed initialization in 1 ms
2023-07-19 15:30:02,390 INFO [http-nio-8080-exec-3] c.z.h.HikariDataSource [HikariDataSource.java:110] HikariPool-1 - Starting...
2023-07-19 15:30:02,529 INFO [http-nio-8080-exec-3] c.z.h.HikariDataSource [HikariDataSource.java:123] HikariPool-1 - Start completed.
2023-07-19 15:36:12,618 INFO [SpringApplicationShutdownHook] c.z.h.HikariDataSource [HikariDataSource.java:350] HikariPool-1 - Shutdown initiated...
2023-07-19 15:36:12,626 INFO [SpringApplicationShutdownHook] c.z.h.HikariDataSource [HikariDataSource.java:352] HikariPool-1 - Shutdown completed.
2023-07-19 16:36:14,925 INFO [restartedMain] c.e.t.TreeholeApplication [StartupInfoLogger.java:55] Starting TreeholeApplication using Java 11.0.8 on MagicBook14 with PID 16508 (D:\BOOK\Java\Treehole\target\classes started by Summe in D:\BOOK\Java\Treehole)
2023-07-19 16:36:14,926 INFO [restartedMain] c.e.t.TreeholeApplication [SpringApplication.java:631] No active profile set, falling back to 1 default profile: "default"
2023-07-19 16:36:14,965 INFO [restartedMain] o.s.b.d.e.DevToolsPropertyDefaultsPostProcessor [DeferredLog.java:255] Devtools property defaults active! Set 'spring.devtools.add-properties' to 'false' to disable
2023-07-19 16:36:14,966 INFO [restartedMain] o.s.b.d.e.DevToolsPropertyDefaultsPostProcessor [DeferredLog.java:255] For additional web related logging consider setting the 'logging.level.web' property to 'DEBUG'
2023-07-19 16:36:15,848 INFO [restartedMain] o.s.b.w.e.t.TomcatWebServer [TomcatWebServer.java:108] Tomcat initialized with port(s): 8080 (http)
2023-07-19 16:36:15,857 INFO [restartedMain] o.a.c.h.Http11NioProtocol [DirectJDKLog.java:173] Initializing ProtocolHandler ["http-nio-8080"]
2023-07-19 16:36:15,857 INFO [restartedMain] o.a.c.c.StandardService [DirectJDKLog.java:173] Starting service [Tomcat]
2023-07-19 16:36:15,857 INFO [restartedMain] o.a.c.c.StandardEngine [DirectJDKLog.java:173] Starting Servlet engine: [Apache Tomcat/9.0.74]
2023-07-19 16:36:15,911 INFO [restartedMain] o.a.c.c.C.[.[.[/treehole] [DirectJDKLog.java:173] Initializing Spring embedded WebApplicationContext
2023-07-19 16:36:15,912 INFO [restartedMain] o.s.b.w.s.c.ServletWebServerApplicationContext [ServletWebServerApplicationContext.java:292] Root WebApplicationContext: initialization completed in 946 ms
2023-07-19 16:36:16,327 INFO [restartedMain] o.s.b.a.w.s.WelcomePageHandlerMapping [WelcomePageHandlerMapping.java:57] Adding welcome page template: index
2023-07-19 16:36:16,436 INFO [restartedMain] o.s.b.d.a.OptionalLiveReloadServer [OptionalLiveReloadServer.java:59] LiveReload server is running on port 35729
2023-07-19 16:36:16,449 INFO [restartedMain] o.a.c.h.Http11NioProtocol [DirectJDKLog.java:173] Starting ProtocolHandler ["http-nio-8080"]
2023-07-19 16:36:16,462 INFO [restartedMain] o.s.b.w.e.t.TomcatWebServer [TomcatWebServer.java:220] Tomcat started on port(s): 8080 (http) with context path '/treehole'
2023-07-19 16:36:16,471 INFO [restartedMain] c.e.t.TreeholeApplication [StartupInfoLogger.java:61] Started TreeholeApplication in 1.908 seconds (JVM running for 2.59)
2023-07-19 16:36:17,781 INFO [http-nio-8080-exec-1] o.a.c.c.C.[.[.[/treehole] [DirectJDKLog.java:173] Initializing Spring DispatcherServlet 'dispatcherServlet'
2023-07-19 16:36:17,781 INFO [http-nio-8080-exec-1] o.s.w.s.DispatcherServlet [FrameworkServlet.java:525] Initializing Servlet 'dispatcherServlet'
2023-07-19 16:36:17,782 INFO [http-nio-8080-exec-1] o.s.w.s.DispatcherServlet [FrameworkServlet.java:547] Completed initialization in 1 ms
2023-07-19 16:36:24,751 INFO [http-nio-8080-exec-2] c.z.h.HikariDataSource [HikariDataSource.java:110] HikariPool-1 - Starting...
2023-07-19 16:36:24,852 INFO [http-nio-8080-exec-2] c.z.h.HikariDataSource [HikariDataSource.java:123] HikariPool-1 - Start completed.
2023-07-19 16:37:58,744 INFO [SpringApplicationShutdownHook] c.z.h.HikariDataSource [HikariDataSource.java:350] HikariPool-1 - Shutdown initiated...
2023-07-19 16:37:58,749 INFO [SpringApplicationShutdownHook] c.z.h.HikariDataSource [HikariDataSource.java:352] HikariPool-1 - Shutdown completed.
2023-07-19 16:38:00,786 INFO [restartedMain] c.e.t.TreeholeApplication [StartupInfoLogger.java:55] Starting TreeholeApplication using Java 11.0.8 on MagicBook14 with PID 24252 (D:\BOOK\Java\Treehole\target\classes started by Summe in D:\BOOK\Java\Treehole)
2023-07-19 16:38:00,787 INFO [restartedMain] c.e.t.TreeholeApplication [SpringApplication.java:631] No active profile set, falling back to 1 default profile: "default"
2023-07-19 16:38:00,818 INFO [restartedMain] o.s.b.d.e.DevToolsPropertyDefaultsPostProcessor [DeferredLog.java:255] Devtools property defaults active! Set 'spring.devtools.add-properties' to 'false' to disable
2023-07-19 16:38:00,818 INFO [restartedMain] o.s.b.d.e.DevToolsPropertyDefaultsPostProcessor [DeferredLog.java:255] For additional web related logging consider setting the 'logging.level.web' property to 'DEBUG'
2023-07-19 16:38:01,469 INFO [restartedMain] o.s.b.w.e.t.TomcatWebServer [TomcatWebServer.java:108] Tomcat initialized with port(s): 8080 (http)
2023-07-19 16:38:01,475 INFO [restartedMain] o.a.c.h.Http11NioProtocol [DirectJDKLog.java:173] Initializing ProtocolHandler ["http-nio-8080"]
2023-07-19 16:38:01,475 INFO [restartedMain] o.a.c.c.StandardService [DirectJDKLog.java:173] Starting service [Tomcat]
2023-07-19 16:38:01,475 INFO [restartedMain] o.a.c.c.StandardEngine [DirectJDKLog.java:173] Starting Servlet engine: [Apache Tomcat/9.0.74]
2023-07-19 16:38:01,524 INFO [restartedMain] o.a.c.c.C.[.[.[/treehole] [DirectJDKLog.java:173] Initializing Spring embedded WebApplicationContext
2023-07-19 16:38:01,525 INFO [restartedMain] o.s.b.w.s.c.ServletWebServerApplicationContext [ServletWebServerApplicationContext.java:292] Root WebApplicationContext: initialization completed in 706 ms
2023-07-19 16:38:01,863 INFO [restartedMain] o.s.b.a.w.s.WelcomePageHandlerMapping [WelcomePageHandlerMapping.java:57] Adding welcome page template: index
2023-07-19 16:38:01,959 INFO [restartedMain] o.s.b.d.a.OptionalLiveReloadServer [OptionalLiveReloadServer.java:59] LiveReload server is running on port 35729
2023-07-19 16:38:01,970 INFO [restartedMain] o.a.c.h.Http11NioProtocol [DirectJDKLog.java:173] Starting ProtocolHandler ["http-nio-8080"]
2023-07-19 16:38:01,984 INFO [restartedMain] o.s.b.w.e.t.TomcatWebServer [TomcatWebServer.java:220] Tomcat started on port(s): 8080 (http) with context path '/treehole'
2023-07-19 16:38:01,993 INFO [restartedMain] c.e.t.TreeholeApplication [StartupInfoLogger.java:61] Started TreeholeApplication in 1.506 seconds (JVM running for 2.104)
2023-07-19 16:38:03,601 INFO [http-nio-8080-exec-1] o.a.c.c.C.[.[.[/treehole] [DirectJDKLog.java:173] Initializing Spring DispatcherServlet 'dispatcherServlet'
2023-07-19 16:38:03,602 INFO [http-nio-8080-exec-1] o.s.w.s.DispatcherServlet [FrameworkServlet.java:525] Initializing Servlet 'dispatcherServlet'
2023-07-19 16:38:03,603 INFO [http-nio-8080-exec-1] o.s.w.s.DispatcherServlet [FrameworkServlet.java:547] Completed initialization in 1 ms
2023-07-19 16:38:03,642 INFO [http-nio-8080-exec-1] c.z.h.HikariDataSource [HikariDataSource.java:110] HikariPool-1 - Starting...
2023-07-19 16:38:03,718 INFO [http-nio-8080-exec-1] c.z.h.HikariDataSource [HikariDataSource.java:123] HikariPool-1 - Start completed.
2023-07-19 17:02:28,252 INFO [SpringApplicationShutdownHook] c.z.h.HikariDataSource [HikariDataSource.java:350] HikariPool-1 - Shutdown initiated...
2023-07-19 17:02:28,256 INFO [SpringApplicationShutdownHook] c.z.h.HikariDataSource [HikariDataSource.java:352] HikariPool-1 - Shutdown completed.
