2023-07-22 14:25:12,928 INFO [restartedMain] c.e.t.TreeholeApplication [StartupInfoLogger.java:55] Starting TreeholeApplication using Java 11.0.8 on MagicBook14 with PID 11536 (D:\BOOK\Java\Treehole\target\classes started by Summe in D:\BOOK\Java\Treehole)
2023-07-22 14:25:12,933 INFO [restartedMain] c.e.t.TreeholeApplication [SpringApplication.java:631] No active profile set, falling back to 1 default profile: "default"
2023-07-22 14:25:12,966 INFO [restartedMain] o.s.b.d.e.DevToolsPropertyDefaultsPostProcessor [DeferredLog.java:255] Devtools property defaults active! Set 'spring.devtools.add-properties' to 'false' to disable
2023-07-22 14:25:12,966 INFO [restartedMain] o.s.b.d.e.DevToolsPropertyDefaultsPostProcessor [DeferredLog.java:255] For additional web related logging consider setting the 'logging.level.web' property to 'DEBUG'
2023-07-22 14:25:13,801 INFO [restartedMain] o.s.b.w.e.t.TomcatWebServer [TomcatWebServer.java:108] Tomcat initialized with port(s): 8080 (http)
2023-07-22 14:25:13,807 INFO [restartedMain] o.a.c.h.Http11NioProtocol [DirectJDKLog.java:173] Initializing ProtocolHandler ["http-nio-8080"]
2023-07-22 14:25:13,808 INFO [restartedMain] o.a.c.c.StandardService [DirectJDKLog.java:173] Starting service [Tomcat]
2023-07-22 14:25:13,808 INFO [restartedMain] o.a.c.c.StandardEngine [DirectJDKLog.java:173] Starting Servlet engine: [Apache Tomcat/9.0.74]
2023-07-22 14:25:13,861 INFO [restartedMain] o.a.c.c.C.[.[.[/treehole] [DirectJDKLog.java:173] Initializing Spring embedded WebApplicationContext
2023-07-22 14:25:13,861 INFO [restartedMain] o.s.b.w.s.c.ServletWebServerApplicationContext [ServletWebServerApplicationContext.java:292] Root WebApplicationContext: initialization completed in 894 ms
2023-07-22 14:25:14,239 INFO [restartedMain] o.s.b.a.w.s.WelcomePageHandlerMapping [WelcomePageHandlerMapping.java:57] Adding welcome page template: index
2023-07-22 14:25:14,351 INFO [restartedMain] o.s.b.d.a.OptionalLiveReloadServer [OptionalLiveReloadServer.java:59] LiveReload server is running on port 35729
2023-07-22 14:25:14,366 INFO [restartedMain] o.a.c.h.Http11NioProtocol [DirectJDKLog.java:173] Starting ProtocolHandler ["http-nio-8080"]
2023-07-22 14:25:14,380 INFO [restartedMain] o.s.b.w.e.t.TomcatWebServer [TomcatWebServer.java:220] Tomcat started on port(s): 8080 (http) with context path '/treehole'
2023-07-22 14:25:14,389 INFO [restartedMain] c.e.t.TreeholeApplication [StartupInfoLogger.java:61] Started TreeholeApplication in 1.827 seconds (JVM running for 2.705)
2023-07-22 14:25:40,955 INFO [http-nio-8080-exec-1] o.a.c.c.C.[.[.[/treehole] [DirectJDKLog.java:173] Initializing Spring DispatcherServlet 'dispatcherServlet'
2023-07-22 14:25:40,956 INFO [http-nio-8080-exec-1] o.s.w.s.DispatcherServlet [FrameworkServlet.java:525] Initializing Servlet 'dispatcherServlet'
2023-07-22 14:25:40,957 INFO [http-nio-8080-exec-1] o.s.w.s.DispatcherServlet [FrameworkServlet.java:547] Completed initialization in 1 ms
2023-07-22 14:25:41,004 INFO [http-nio-8080-exec-1] c.z.h.HikariDataSource [HikariDataSource.java:110] HikariPool-1 - Starting...
2023-07-22 14:25:41,093 INFO [http-nio-8080-exec-1] c.z.h.HikariDataSource [HikariDataSource.java:123] HikariPool-1 - Start completed.
2023-07-22 14:27:19,609 INFO [SpringApplicationShutdownHook] c.z.h.HikariDataSource [HikariDataSource.java:350] HikariPool-1 - Shutdown initiated...
2023-07-22 14:27:19,626 INFO [SpringApplicationShutdownHook] c.z.h.HikariDataSource [HikariDataSource.java:352] HikariPool-1 - Shutdown completed.
