2023-07-21 16:20:12,349 INFO [restartedMain] c.e.t.TreeholeApplication [StartupInfoLogger.java:55] Starting TreeholeApplication using Java 11.0.8 on MagicBook14 with PID 18704 (D:\BOOK\Java\Treehole\target\classes started by Summe in D:\BOOK\Java\Treehole)
2023-07-21 16:20:12,358 INFO [restartedMain] c.e.t.TreeholeApplication [SpringApplication.java:631] No active profile set, falling back to 1 default profile: "default"
2023-07-21 16:20:12,415 INFO [restartedMain] o.s.b.d.e.DevToolsPropertyDefaultsPostProcessor [DeferredLog.java:255] Devtools property defaults active! Set 'spring.devtools.add-properties' to 'false' to disable
2023-07-21 16:20:12,415 INFO [restartedMain] o.s.b.d.e.DevToolsPropertyDefaultsPostProcessor [DeferredLog.java:255] For additional web related logging consider setting the 'logging.level.web' property to 'DEBUG'
2023-07-21 16:20:13,843 INFO [restartedMain] o.s.b.w.e.t.TomcatWebServer [TomcatWebServer.java:108] Tomcat initialized with port(s): 8080 (http)
2023-07-21 16:20:13,860 INFO [restartedMain] o.a.c.h.Http11NioProtocol [DirectJDKLog.java:173] Initializing ProtocolHandler ["http-nio-8080"]
2023-07-21 16:20:13,860 INFO [restartedMain] o.a.c.c.StandardService [DirectJDKLog.java:173] Starting service [Tomcat]
2023-07-21 16:20:13,860 INFO [restartedMain] o.a.c.c.StandardEngine [DirectJDKLog.java:173] Starting Servlet engine: [Apache Tomcat/9.0.74]
2023-07-21 16:20:13,966 INFO [restartedMain] o.a.c.c.C.[.[.[/treehole] [DirectJDKLog.java:173] Initializing Spring embedded WebApplicationContext
2023-07-21 16:20:13,966 INFO [restartedMain] o.s.b.w.s.c.ServletWebServerApplicationContext [ServletWebServerApplicationContext.java:292] Root WebApplicationContext: initialization completed in 1548 ms
2023-07-21 16:20:14,640 INFO [restartedMain] o.s.b.a.w.s.WelcomePageHandlerMapping [WelcomePageHandlerMapping.java:57] Adding welcome page template: index
2023-07-21 16:20:14,838 INFO [restartedMain] o.s.b.d.a.OptionalLiveReloadServer [OptionalLiveReloadServer.java:59] LiveReload server is running on port 35729
2023-07-21 16:20:14,863 INFO [restartedMain] o.a.c.h.Http11NioProtocol [DirectJDKLog.java:173] Starting ProtocolHandler ["http-nio-8080"]
2023-07-21 16:20:14,888 INFO [restartedMain] o.s.b.w.e.t.TomcatWebServer [TomcatWebServer.java:220] Tomcat started on port(s): 8080 (http) with context path '/treehole'
2023-07-21 16:20:14,908 INFO [restartedMain] c.e.t.TreeholeApplication [StartupInfoLogger.java:61] Started TreeholeApplication in 3.117 seconds (JVM running for 4.404)
2023-07-21 16:20:15,385 INFO [http-nio-8080-exec-1] o.a.c.c.C.[.[.[/treehole] [DirectJDKLog.java:173] Initializing Spring DispatcherServlet 'dispatcherServlet'
2023-07-21 16:20:15,385 INFO [http-nio-8080-exec-1] o.s.w.s.DispatcherServlet [FrameworkServlet.java:525] Initializing Servlet 'dispatcherServlet'
2023-07-21 16:20:15,388 INFO [http-nio-8080-exec-1] o.s.w.s.DispatcherServlet [FrameworkServlet.java:547] Completed initialization in 3 ms
2023-07-21 16:20:15,458 INFO [http-nio-8080-exec-1] c.z.h.HikariDataSource [HikariDataSource.java:110] HikariPool-1 - Starting...
2023-07-21 16:20:15,603 INFO [http-nio-8080-exec-1] c.z.h.HikariDataSource [HikariDataSource.java:123] HikariPool-1 - Start completed.
2023-07-21 16:21:01,439 INFO [SpringApplicationShutdownHook] c.z.h.HikariDataSource [HikariDataSource.java:350] HikariPool-1 - Shutdown initiated...
2023-07-21 16:21:01,451 INFO [SpringApplicationShutdownHook] c.z.h.HikariDataSource [HikariDataSource.java:352] HikariPool-1 - Shutdown completed.
