2023-07-17 10:39:24,488 INFO [main] c.e.t.MailTests [StartupInfoLogger.java:55] Starting MailTests using Java 17.0.7 on MagicBook14 with PID 1040 (started by Summe in D:\BOOK\Java\Treehole)
2023-07-17 10:39:24,489 INFO [main] c.e.t.MailTests [SpringApplication.java:631] No active profile set, falling back to 1 default profile: "default"
2023-07-17 10:39:26,022 INFO [main] o.s.b.a.w.s.WelcomePageHandlerMapping [WelcomePageHandlerMapping.java:57] Adding welcome page template: index
2023-07-17 10:39:26,352 INFO [main] c.e.t.MailTests [StartupInfoLogger.java:61] Started MailTests in 2.278 seconds (JVM running for 3.216)
2023-07-17 10:40:52,272 INFO [main] c.e.t.MailTests [StartupInfoLogger.java:55] Starting MailTests using Java 17.0.7 on MagicBook14 with PID 21416 (started by Summe in D:\BOOK\Java\Treehole)
2023-07-17 10:40:52,273 INFO [main] c.e.t.MailTests [SpringApplication.java:631] No active profile set, falling back to 1 default profile: "default"
2023-07-17 10:40:53,775 INFO [main] o.s.b.a.w.s.WelcomePageHandlerMapping [WelcomePageHandlerMapping.java:57] Adding welcome page template: index
2023-07-17 10:40:54,106 INFO [main] c.e.t.MailTests [StartupInfoLogger.java:61] Started MailTests in 2.243 seconds (JVM running for 3.067)
2023-07-17 10:42:06,254 INFO [main] c.e.t.MailTests [StartupInfoLogger.java:55] Starting MailTests using Java 17.0.7 on MagicBook14 with PID 13044 (started by Summe in D:\BOOK\Java\Treehole)
2023-07-17 10:42:06,256 INFO [main] c.e.t.MailTests [SpringApplication.java:631] No active profile set, falling back to 1 default profile: "default"
2023-07-17 10:42:07,685 INFO [main] o.s.b.a.w.s.WelcomePageHandlerMapping [WelcomePageHandlerMapping.java:57] Adding welcome page template: index
2023-07-17 10:42:07,996 INFO [main] c.e.t.MailTests [StartupInfoLogger.java:61] Started MailTests in 2.108 seconds (JVM running for 2.842)
2023-07-17 10:43:18,139 INFO [main] c.e.t.MailTests [StartupInfoLogger.java:55] Starting MailTests using Java 17.0.7 on MagicBook14 with PID 3364 (started by Summe in D:\BOOK\Java\Treehole)
2023-07-17 10:43:18,140 INFO [main] c.e.t.MailTests [SpringApplication.java:631] No active profile set, falling back to 1 default profile: "default"
2023-07-17 10:43:19,592 INFO [main] o.s.b.a.w.s.WelcomePageHandlerMapping [WelcomePageHandlerMapping.java:57] Adding welcome page template: index
2023-07-17 10:43:19,909 INFO [main] c.e.t.MailTests [StartupInfoLogger.java:61] Started MailTests in 2.127 seconds (JVM running for 2.859)
2023-07-17 10:55:19,710 INFO [main] c.e.t.MailTests [StartupInfoLogger.java:55] Starting MailTests using Java 17.0.7 on MagicBook14 with PID 20752 (started by Summe in D:\BOOK\Java\Treehole)
2023-07-17 10:55:19,712 INFO [main] c.e.t.MailTests [SpringApplication.java:631] No active profile set, falling back to 1 default profile: "default"
2023-07-17 10:55:21,153 INFO [main] o.s.b.a.w.s.WelcomePageHandlerMapping [WelcomePageHandlerMapping.java:57] Adding welcome page template: index
2023-07-17 10:55:21,462 INFO [main] c.e.t.MailTests [StartupInfoLogger.java:61] Started MailTests in 2.137 seconds (JVM running for 2.893)
2023-07-17 10:57:22,399 INFO [main] c.e.t.MailTests [StartupInfoLogger.java:55] Starting MailTests using Java 17.0.7 on MagicBook14 with PID 20064 (started by Summe in D:\BOOK\Java\Treehole)
2023-07-17 10:57:22,402 INFO [main] c.e.t.MailTests [SpringApplication.java:631] No active profile set, falling back to 1 default profile: "default"
2023-07-17 10:57:23,817 INFO [main] o.s.b.a.w.s.WelcomePageHandlerMapping [WelcomePageHandlerMapping.java:57] Adding welcome page template: index
2023-07-17 10:57:24,169 INFO [main] c.e.t.MailTests [StartupInfoLogger.java:61] Started MailTests in 2.138 seconds (JVM running for 2.866)
2023-07-17 11:54:16,845 INFO [restartedMain] c.e.t.TreeholeApplication [StartupInfoLogger.java:55] Starting TreeholeApplication using Java 17.0.7 on MagicBook14 with PID 13728 (D:\BOOK\Java\Treehole\target\classes started by Summe in D:\BOOK\Java\Treehole)
2023-07-17 11:54:16,847 INFO [restartedMain] c.e.t.TreeholeApplication [SpringApplication.java:631] No active profile set, falling back to 1 default profile: "default"
2023-07-17 11:54:16,889 INFO [restartedMain] o.s.b.d.e.DevToolsPropertyDefaultsPostProcessor [DeferredLog.java:255] Devtools property defaults active! Set 'spring.devtools.add-properties' to 'false' to disable
2023-07-17 11:54:16,890 INFO [restartedMain] o.s.b.d.e.DevToolsPropertyDefaultsPostProcessor [DeferredLog.java:255] For additional web related logging consider setting the 'logging.level.web' property to 'DEBUG'
2023-07-17 11:54:17,818 INFO [restartedMain] o.s.b.w.e.t.TomcatWebServer [TomcatWebServer.java:108] Tomcat initialized with port(s): 8080 (http)
2023-07-17 11:54:17,828 INFO [restartedMain] o.a.c.h.Http11NioProtocol [DirectJDKLog.java:173] Initializing ProtocolHandler ["http-nio-8080"]
2023-07-17 11:54:17,828 INFO [restartedMain] o.a.c.c.StandardService [DirectJDKLog.java:173] Starting service [Tomcat]
2023-07-17 11:54:17,828 INFO [restartedMain] o.a.c.c.StandardEngine [DirectJDKLog.java:173] Starting Servlet engine: [Apache Tomcat/9.0.74]
2023-07-17 11:54:17,890 INFO [restartedMain] o.a.c.c.C.[.[.[/treehole] [DirectJDKLog.java:173] Initializing Spring embedded WebApplicationContext
2023-07-17 11:54:17,890 INFO [restartedMain] o.s.b.w.s.c.ServletWebServerApplicationContext [ServletWebServerApplicationContext.java:292] Root WebApplicationContext: initialization completed in 1000 ms
2023-07-17 11:54:18,270 INFO [restartedMain] o.s.b.a.w.s.WelcomePageHandlerMapping [WelcomePageHandlerMapping.java:57] Adding welcome page template: index
2023-07-17 11:54:18,425 INFO [restartedMain] o.s.b.d.a.OptionalLiveReloadServer [OptionalLiveReloadServer.java:59] LiveReload server is running on port 35729
2023-07-17 11:54:18,437 INFO [restartedMain] o.a.c.h.Http11NioProtocol [DirectJDKLog.java:173] Starting ProtocolHandler ["http-nio-8080"]
2023-07-17 11:54:18,458 INFO [restartedMain] o.s.b.w.e.t.TomcatWebServer [TomcatWebServer.java:220] Tomcat started on port(s): 8080 (http) with context path '/treehole'
2023-07-17 11:54:18,467 INFO [restartedMain] c.e.t.TreeholeApplication [StartupInfoLogger.java:61] Started TreeholeApplication in 1.957 seconds (JVM running for 3.146)
2023-07-17 11:54:31,912 INFO [http-nio-8080-exec-3] o.a.c.c.C.[.[.[/treehole] [DirectJDKLog.java:173] Initializing Spring DispatcherServlet 'dispatcherServlet'
2023-07-17 11:54:31,913 INFO [http-nio-8080-exec-3] o.s.w.s.DispatcherServlet [FrameworkServlet.java:525] Initializing Servlet 'dispatcherServlet'
2023-07-17 11:54:31,913 INFO [http-nio-8080-exec-3] o.s.w.s.DispatcherServlet [FrameworkServlet.java:547] Completed initialization in 0 ms
2023-07-17 11:54:31,971 INFO [http-nio-8080-exec-3] c.z.h.HikariDataSource [HikariDataSource.java:110] HikariPool-1 - Starting...
2023-07-17 11:54:32,111 INFO [http-nio-8080-exec-3] c.z.h.HikariDataSource [HikariDataSource.java:123] HikariPool-1 - Start completed.
2023-07-17 11:56:09,844 INFO [SpringApplicationShutdownHook] c.z.h.HikariDataSource [HikariDataSource.java:350] HikariPool-1 - Shutdown initiated...
2023-07-17 11:56:09,850 INFO [SpringApplicationShutdownHook] c.z.h.HikariDataSource [HikariDataSource.java:352] HikariPool-1 - Shutdown completed.
2023-07-17 11:56:14,863 INFO [restartedMain] c.e.t.TreeholeApplication [StartupInfoLogger.java:55] Starting TreeholeApplication using Java 17.0.7 on MagicBook14 with PID 12084 (D:\BOOK\Java\Treehole\target\classes started by Summe in D:\BOOK\Java\Treehole)
2023-07-17 11:56:14,864 INFO [restartedMain] c.e.t.TreeholeApplication [SpringApplication.java:631] No active profile set, falling back to 1 default profile: "default"
2023-07-17 11:56:14,901 INFO [restartedMain] o.s.b.d.e.DevToolsPropertyDefaultsPostProcessor [DeferredLog.java:255] Devtools property defaults active! Set 'spring.devtools.add-properties' to 'false' to disable
2023-07-17 11:56:14,902 INFO [restartedMain] o.s.b.d.e.DevToolsPropertyDefaultsPostProcessor [DeferredLog.java:255] For additional web related logging consider setting the 'logging.level.web' property to 'DEBUG'
2023-07-17 11:56:15,610 INFO [restartedMain] o.s.b.w.e.t.TomcatWebServer [TomcatWebServer.java:108] Tomcat initialized with port(s): 8080 (http)
2023-07-17 11:56:15,616 INFO [restartedMain] o.a.c.h.Http11NioProtocol [DirectJDKLog.java:173] Initializing ProtocolHandler ["http-nio-8080"]
2023-07-17 11:56:15,618 INFO [restartedMain] o.a.c.c.StandardService [DirectJDKLog.java:173] Starting service [Tomcat]
2023-07-17 11:56:15,618 INFO [restartedMain] o.a.c.c.StandardEngine [DirectJDKLog.java:173] Starting Servlet engine: [Apache Tomcat/9.0.74]
2023-07-17 11:56:15,670 INFO [restartedMain] o.a.c.c.C.[.[.[/treehole] [DirectJDKLog.java:173] Initializing Spring embedded WebApplicationContext
2023-07-17 11:56:15,671 INFO [restartedMain] o.s.b.w.s.c.ServletWebServerApplicationContext [ServletWebServerApplicationContext.java:292] Root WebApplicationContext: initialization completed in 769 ms
2023-07-17 11:56:15,998 INFO [restartedMain] o.s.b.a.w.s.WelcomePageHandlerMapping [WelcomePageHandlerMapping.java:57] Adding welcome page template: index
2023-07-17 11:56:16,123 INFO [restartedMain] o.s.b.d.a.OptionalLiveReloadServer [OptionalLiveReloadServer.java:59] LiveReload server is running on port 35729
2023-07-17 11:56:16,135 INFO [restartedMain] o.a.c.h.Http11NioProtocol [DirectJDKLog.java:173] Starting ProtocolHandler ["http-nio-8080"]
2023-07-17 11:56:16,150 INFO [restartedMain] o.s.b.w.e.t.TomcatWebServer [TomcatWebServer.java:220] Tomcat started on port(s): 8080 (http) with context path '/treehole'
2023-07-17 11:56:16,158 INFO [restartedMain] c.e.t.TreeholeApplication [StartupInfoLogger.java:61] Started TreeholeApplication in 1.603 seconds (JVM running for 2.164)
2023-07-17 11:56:24,667 INFO [http-nio-8080-exec-1] o.a.c.c.C.[.[.[/treehole] [DirectJDKLog.java:173] Initializing Spring DispatcherServlet 'dispatcherServlet'
2023-07-17 11:56:24,667 INFO [http-nio-8080-exec-1] o.s.w.s.DispatcherServlet [FrameworkServlet.java:525] Initializing Servlet 'dispatcherServlet'
2023-07-17 11:56:24,668 INFO [http-nio-8080-exec-1] o.s.w.s.DispatcherServlet [FrameworkServlet.java:547] Completed initialization in 1 ms
2023-07-17 11:56:24,715 INFO [http-nio-8080-exec-1] c.z.h.HikariDataSource [HikariDataSource.java:110] HikariPool-1 - Starting...
2023-07-17 11:56:24,821 INFO [http-nio-8080-exec-1] c.z.h.HikariDataSource [HikariDataSource.java:123] HikariPool-1 - Start completed.
2023-07-17 14:14:08,617 INFO [SpringApplicationShutdownHook] c.z.h.HikariDataSource [HikariDataSource.java:350] HikariPool-1 - Shutdown initiated...
2023-07-17 14:14:08,620 INFO [SpringApplicationShutdownHook] c.z.h.HikariDataSource [HikariDataSource.java:352] HikariPool-1 - Shutdown completed.
2023-07-17 14:14:12,489 INFO [restartedMain] c.e.t.TreeholeApplication [StartupInfoLogger.java:55] Starting TreeholeApplication using Java 17.0.7 on MagicBook14 with PID 7540 (D:\BOOK\Java\Treehole\target\classes started by Summe in D:\BOOK\Java\Treehole)
2023-07-17 14:14:12,489 INFO [restartedMain] c.e.t.TreeholeApplication [SpringApplication.java:631] No active profile set, falling back to 1 default profile: "default"
2023-07-17 14:14:12,520 INFO [restartedMain] o.s.b.d.e.DevToolsPropertyDefaultsPostProcessor [DeferredLog.java:255] Devtools property defaults active! Set 'spring.devtools.add-properties' to 'false' to disable
2023-07-17 14:14:12,526 INFO [restartedMain] o.s.b.d.e.DevToolsPropertyDefaultsPostProcessor [DeferredLog.java:255] For additional web related logging consider setting the 'logging.level.web' property to 'DEBUG'
2023-07-17 14:14:13,286 INFO [restartedMain] o.s.b.w.e.t.TomcatWebServer [TomcatWebServer.java:108] Tomcat initialized with port(s): 8080 (http)
2023-07-17 14:14:13,289 INFO [restartedMain] o.a.c.h.Http11NioProtocol [DirectJDKLog.java:173] Initializing ProtocolHandler ["http-nio-8080"]
2023-07-17 14:14:13,296 INFO [restartedMain] o.a.c.c.StandardService [DirectJDKLog.java:173] Starting service [Tomcat]
2023-07-17 14:14:13,296 INFO [restartedMain] o.a.c.c.StandardEngine [DirectJDKLog.java:173] Starting Servlet engine: [Apache Tomcat/9.0.74]
2023-07-17 14:14:13,354 INFO [restartedMain] o.a.c.c.C.[.[.[/treehole] [DirectJDKLog.java:173] Initializing Spring embedded WebApplicationContext
2023-07-17 14:14:13,355 INFO [restartedMain] o.s.b.w.s.c.ServletWebServerApplicationContext [ServletWebServerApplicationContext.java:292] Root WebApplicationContext: initialization completed in 829 ms
2023-07-17 14:14:13,691 INFO [restartedMain] o.s.b.a.w.s.WelcomePageHandlerMapping [WelcomePageHandlerMapping.java:57] Adding welcome page template: index
2023-07-17 14:14:13,816 INFO [restartedMain] o.s.b.d.a.OptionalLiveReloadServer [OptionalLiveReloadServer.java:59] LiveReload server is running on port 35729
2023-07-17 14:14:13,831 INFO [restartedMain] o.a.c.h.Http11NioProtocol [DirectJDKLog.java:173] Starting ProtocolHandler ["http-nio-8080"]
2023-07-17 14:14:13,846 INFO [restartedMain] o.s.b.w.e.t.TomcatWebServer [TomcatWebServer.java:220] Tomcat started on port(s): 8080 (http) with context path '/treehole'
2023-07-17 14:14:13,856 INFO [restartedMain] c.e.t.TreeholeApplication [StartupInfoLogger.java:61] Started TreeholeApplication in 1.65 seconds (JVM running for 4.449)
2023-07-17 14:14:45,264 INFO [http-nio-8080-exec-2] o.a.c.c.C.[.[.[/treehole] [DirectJDKLog.java:173] Initializing Spring DispatcherServlet 'dispatcherServlet'
2023-07-17 14:14:45,264 INFO [http-nio-8080-exec-2] o.s.w.s.DispatcherServlet [FrameworkServlet.java:525] Initializing Servlet 'dispatcherServlet'
2023-07-17 14:14:45,266 INFO [http-nio-8080-exec-2] o.s.w.s.DispatcherServlet [FrameworkServlet.java:547] Completed initialization in 2 ms
2023-07-17 14:14:45,356 INFO [http-nio-8080-exec-2] c.z.h.HikariDataSource [HikariDataSource.java:110] HikariPool-1 - Starting...
2023-07-17 14:14:45,576 INFO [http-nio-8080-exec-2] c.z.h.HikariDataSource [HikariDataSource.java:123] HikariPool-1 - Start completed.
2023-07-17 14:21:28,554 INFO [SpringApplicationShutdownHook] c.z.h.HikariDataSource [HikariDataSource.java:350] HikariPool-1 - Shutdown initiated...
2023-07-17 14:21:28,558 INFO [SpringApplicationShutdownHook] c.z.h.HikariDataSource [HikariDataSource.java:352] HikariPool-1 - Shutdown completed.
